###############################################
Running experiment 1 out of 1
###############################################
Running epoch 1 out of 1000.
Joint model, Test set: Average loss: 2.3014, Accuracy: 892/10000 (9%)
Running epoch 2 out of 1000.
Joint model, Test set: Average loss: 2.3954, Accuracy: 892/10000 (9%)
Running epoch 3 out of 1000.
Joint model, Test set: Average loss: 2.7404, Accuracy: 892/10000 (9%)
Running epoch 4 out of 1000.
Joint model, Test set: Average loss: 3.2750, Accuracy: 1448/10000 (14%)
Running epoch 5 out of 1000.
Joint model, Test set: Average loss: 3.4878, Accuracy: 1010/10000 (10%)
Running epoch 6 out of 1000.
Joint model, Test set: Average loss: 3.6184, Accuracy: 1205/10000 (12%)
Running epoch 7 out of 1000.
Joint model, Test set: Average loss: 3.8175, Accuracy: 1011/10000 (10%)
Running epoch 8 out of 1000.
Joint model, Test set: Average loss: 3.9057, Accuracy: 1010/10000 (10%)
Running epoch 9 out of 1000.
Joint model, Test set: Average loss: 3.8364, Accuracy: 1077/10000 (11%)
Running epoch 10 out of 1000.
Joint model, Test set: Average loss: 3.6861, Accuracy: 1633/10000 (16%)
Finished Running epoch 10, printing results dictionary to file.
Finished printing results dictionary to file after epoch 10.
Running epoch 11 out of 1000.
Joint model, Test set: Average loss: 3.4614, Accuracy: 1975/10000 (20%)
Running epoch 12 out of 1000.
Joint model, Test set: Average loss: 3.2342, Accuracy: 2096/10000 (21%)
Running epoch 13 out of 1000.
Joint model, Test set: Average loss: 3.0183, Accuracy: 2174/10000 (22%)
Running epoch 14 out of 1000.
Joint model, Test set: Average loss: 2.8232, Accuracy: 2215/10000 (22%)
Running epoch 15 out of 1000.
Joint model, Test set: Average loss: 2.6661, Accuracy: 2314/10000 (23%)
Running epoch 16 out of 1000.
Joint model, Test set: Average loss: 2.5450, Accuracy: 2416/10000 (24%)
Running epoch 17 out of 1000.
Joint model, Test set: Average loss: 2.4576, Accuracy: 2545/10000 (25%)
Running epoch 18 out of 1000.
Joint model, Test set: Average loss: 2.3960, Accuracy: 2672/10000 (27%)
Running epoch 19 out of 1000.
Joint model, Test set: Average loss: 2.3541, Accuracy: 2776/10000 (28%)
Running epoch 20 out of 1000.
Joint model, Test set: Average loss: 2.3236, Accuracy: 2844/10000 (28%)
Finished Running epoch 20, printing results dictionary to file.
Finished printing results dictionary to file after epoch 20.
Running epoch 21 out of 1000.
Joint model, Test set: Average loss: 2.3023, Accuracy: 2892/10000 (29%)
Running epoch 22 out of 1000.
Joint model, Test set: Average loss: 2.2870, Accuracy: 2931/10000 (29%)
Running epoch 23 out of 1000.
Joint model, Test set: Average loss: 2.2759, Accuracy: 2947/10000 (29%)
Running epoch 24 out of 1000.
Joint model, Test set: Average loss: 2.2681, Accuracy: 2976/10000 (30%)
Running epoch 25 out of 1000.
Joint model, Test set: Average loss: 2.2626, Accuracy: 2990/10000 (30%)
Running epoch 26 out of 1000.
Joint model, Test set: Average loss: 2.2587, Accuracy: 3009/10000 (30%)
Running epoch 27 out of 1000.
Joint model, Test set: Average loss: 2.2559, Accuracy: 3014/10000 (30%)
Running epoch 28 out of 1000.
Joint model, Test set: Average loss: 2.2540, Accuracy: 3019/10000 (30%)
Running epoch 29 out of 1000.
Joint model, Test set: Average loss: 2.2526, Accuracy: 3020/10000 (30%)
Running epoch 30 out of 1000.
Joint model, Test set: Average loss: 2.2516, Accuracy: 3021/10000 (30%)
Finished Running epoch 30, printing results dictionary to file.
Finished printing results dictionary to file after epoch 30.
Running epoch 31 out of 1000.
Joint model, Test set: Average loss: 2.2509, Accuracy: 3025/10000 (30%)
Running epoch 32 out of 1000.
Joint model, Test set: Average loss: 2.2504, Accuracy: 3027/10000 (30%)
Running epoch 33 out of 1000.
Joint model, Test set: Average loss: 2.2501, Accuracy: 3028/10000 (30%)
Running epoch 34 out of 1000.
Joint model, Test set: Average loss: 2.2498, Accuracy: 3029/10000 (30%)
Running epoch 35 out of 1000.
Joint model, Test set: Average loss: 2.2497, Accuracy: 3028/10000 (30%)
Running epoch 36 out of 1000.
Joint model, Test set: Average loss: 2.2495, Accuracy: 3029/10000 (30%)
Running epoch 37 out of 1000.
Joint model, Test set: Average loss: 2.2495, Accuracy: 3029/10000 (30%)
Running epoch 38 out of 1000.
Joint model, Test set: Average loss: 2.2494, Accuracy: 3029/10000 (30%)
Running epoch 39 out of 1000.
Joint model, Test set: Average loss: 2.2494, Accuracy: 3029/10000 (30%)
Running epoch 40 out of 1000.
Joint model, Test set: Average loss: 2.2493, Accuracy: 3029/10000 (30%)
Finished Running epoch 40, printing results dictionary to file.
Finished printing results dictionary to file after epoch 40.
Running epoch 41 out of 1000.
Joint model, Test set: Average loss: 2.2493, Accuracy: 3029/10000 (30%)
Running epoch 42 out of 1000.
Joint model, Test set: Average loss: 2.2493, Accuracy: 3029/10000 (30%)
Running epoch 43 out of 1000.
Joint model, Test set: Average loss: 2.2493, Accuracy: 3029/10000 (30%)
Running epoch 44 out of 1000.
Joint model, Test set: Average loss: 2.2493, Accuracy: 3029/10000 (30%)
Running epoch 45 out of 1000.
Joint model, Test set: Average loss: 2.2493, Accuracy: 3029/10000 (30%)
Running epoch 46 out of 1000.
Joint model, Test set: Average loss: 2.2493, Accuracy: 3029/10000 (30%)
Running epoch 47 out of 1000.
Joint model, Test set: Average loss: 2.2493, Accuracy: 3029/10000 (30%)
Running epoch 48 out of 1000.
Joint model, Test set: Average loss: 2.2493, Accuracy: 3029/10000 (30%)
Running epoch 49 out of 1000.
Joint model, Test set: Average loss: 2.2493, Accuracy: 3029/10000 (30%)
Running epoch 50 out of 1000.
Joint model, Test set: Average loss: 2.2493, Accuracy: 3029/10000 (30%)
Finished Running epoch 50, printing results dictionary to file.
Finished printing results dictionary to file after epoch 50.
Running epoch 51 out of 1000.
Joint model, Test set: Average loss: 2.2493, Accuracy: 3029/10000 (30%)
Running epoch 52 out of 1000.
Joint model, Test set: Average loss: 2.2493, Accuracy: 3029/10000 (30%)
Running epoch 53 out of 1000.
Joint model, Test set: Average loss: 2.2493, Accuracy: 3029/10000 (30%)
Running epoch 54 out of 1000.
Joint model, Test set: Average loss: 2.2493, Accuracy: 3029/10000 (30%)
Running epoch 55 out of 1000.
Joint model, Test set: Average loss: 2.2493, Accuracy: 3029/10000 (30%)
Running epoch 56 out of 1000.
Joint model, Test set: Average loss: 2.2493, Accuracy: 3029/10000 (30%)
Running epoch 57 out of 1000.
Joint model, Test set: Average loss: 2.2493, Accuracy: 3029/10000 (30%)
Running epoch 58 out of 1000.
Joint model, Test set: Average loss: 2.2493, Accuracy: 3029/10000 (30%)
Running epoch 59 out of 1000.
Joint model, Test set: Average loss: 2.2493, Accuracy: 3029/10000 (30%)
Running epoch 60 out of 1000.
Joint model, Test set: Average loss: 2.2493, Accuracy: 3029/10000 (30%)
Finished Running epoch 60, printing results dictionary to file.
Finished printing results dictionary to file after epoch 60.
Running epoch 61 out of 1000.
Joint model, Test set: Average loss: 2.2493, Accuracy: 3029/10000 (30%)
Running epoch 62 out of 1000.
Joint model, Test set: Average loss: 2.2493, Accuracy: 3029/10000 (30%)
Running epoch 63 out of 1000.
Joint model, Test set: Average loss: 2.2493, Accuracy: 3029/10000 (30%)
Running epoch 64 out of 1000.
Joint model, Test set: Average loss: 2.2493, Accuracy: 3029/10000 (30%)
Running epoch 65 out of 1000.
Joint model, Test set: Average loss: 2.2493, Accuracy: 3029/10000 (30%)
Running epoch 66 out of 1000.
Joint model, Test set: Average loss: 2.2493, Accuracy: 3029/10000 (30%)
Running epoch 67 out of 1000.
