Running epoch 1 out of 150.
Running training on agent 0.
Running training on agent 1.
Running training on agent 2.
Running training on agent 3.
Running training on agent 4.
Running training on agent 5.
Running training on agent 6.
Running training on agent 7.
Running training on agent 8.
Running training on agent 9.
Current attacking agent is 0, coefficient is 2.

Joint model, Test set: Average loss: 2.3025, Accuracy: 1973/10000 (20%)

Running epoch 2 out of 150.
Running training on agent 0.
Running training on agent 1.
Running training on agent 2.
Running training on agent 3.
Running training on agent 4.
Running training on agent 5.
Running training on agent 6.
Running training on agent 7.
Running training on agent 8.
Running training on agent 9.
Current attacking agent is 0, coefficient is 2.

Joint model, Test set: Average loss: 0.7991, Accuracy: 8556/10000 (86%)

Running epoch 3 out of 150.
Running training on agent 0.
Running training on agent 1.
Running training on agent 2.
Running training on agent 3.
Running training on agent 4.
Running training on agent 5.
Running training on agent 6.
Running training on agent 7.
Running training on agent 8.
Running training on agent 9.
Current attacking agent is 0, coefficient is 2.

Joint model, Test set: Average loss: 0.3103, Accuracy: 9018/10000 (90%)

Running epoch 4 out of 150.
Running training on agent 0.
Running training on agent 1.
Running training on agent 2.
Running training on agent 3.
Running training on agent 4.
Running training on agent 5.
Running training on agent 6.
Running training on agent 7.
Running training on agent 8.
Running training on agent 9.
Current attacking agent is 0, coefficient is 2.

Joint model, Test set: Average loss: 0.2073, Accuracy: 9364/10000 (94%)

Running epoch 5 out of 150.
Running training on agent 0.
Running training on agent 1.
Running training on agent 2.
Running training on agent 3.
Running training on agent 4.
Running training on agent 5.
Running training on agent 6.
Running training on agent 7.
Running training on agent 8.
Running training on agent 9.
Current attacking agent is 0, coefficient is 2.

Joint model, Test set: Average loss: 0.1722, Accuracy: 9491/10000 (95%)

Running epoch 6 out of 150.
Running training on agent 0.
Running training on agent 1.
Running training on agent 2.
Running training on agent 3.
Running training on agent 4.
Running training on agent 5.
Running training on agent 6.
Running training on agent 7.
Running training on agent 8.
Running training on agent 9.
Current attacking agent is 0, coefficient is 2.

Joint model, Test set: Average loss: 0.1485, Accuracy: 9535/10000 (95%)

Running epoch 7 out of 150.
Running training on agent 0.
Running training on agent 1.
Running training on agent 2.
Running training on agent 3.
Running training on agent 4.
Running training on agent 5.
Running training on agent 6.
Running training on agent 7.
Running training on agent 8.
Running training on agent 9.
Current attacking agent is 0, coefficient is 2.

Joint model, Test set: Average loss: 0.1373, Accuracy: 9590/10000 (96%)

Running epoch 8 out of 150.
Running training on agent 0.
Running training on agent 1.
Running training on agent 2.
Running training on agent 3.
Running training on agent 4.
Running training on agent 5.
Running training on agent 6.
Running training on agent 7.
Running training on agent 8.
Running training on agent 9.
Current attacking agent is 0, coefficient is 2.

Joint model, Test set: Average loss: 0.1339, Accuracy: 9609/10000 (96%)

Running epoch 9 out of 150.
Running training on agent 0.
Running training on agent 1.
Running training on agent 2.
Running training on agent 3.
Running training on agent 4.
Running training on agent 5.
Running training on agent 6.
Running training on agent 7.
Running training on agent 8.
Running training on agent 9.
Current attacking agent is 0, coefficient is 2.

Joint model, Test set: Average loss: 0.1376, Accuracy: 9612/10000 (96%)

Running epoch 10 out of 150.
Running training on agent 0.
Running training on agent 1.
Running training on agent 2.
Running training on agent 3.
Running training on agent 4.
Running training on agent 5.
Running training on agent 6.
Running training on agent 7.
Running training on agent 8.
Running training on agent 9.
Current attacking agent is 0, coefficient is 2.

Joint model, Test set: Average loss: 0.1483, Accuracy: 9609/10000 (96%)

Finished Running epoch 10, printing results dictionary to file.
Finished printing results dictionary to file after epoch 10.
Running epoch 11 out of 150.
Running training on agent 0.
Running training on agent 1.
Running training on agent 2.
Running training on agent 3.
Running training on agent 4.
Running training on agent 5.
Running training on agent 6.
Running training on agent 7.
Running training on agent 8.
Running training on agent 9.
Current attacking agent is 0, coefficient is 2.

Joint model, Test set: Average loss: 0.1700, Accuracy: 9600/10000 (96%)

Running epoch 12 out of 150.
Running training on agent 0.
Running training on agent 1.
Running training on agent 2.
Running training on agent 3.
Running training on agent 4.
Running training on agent 5.
Running training on agent 6.
Running training on agent 7.
Running training on agent 8.
Running training on agent 9.
Current attacking agent is 0, coefficient is 2.

Joint model, Test set: Average loss: 0.2074, Accuracy: 9576/10000 (96%)

Running epoch 13 out of 150.
Running training on agent 0.
Running training on agent 1.
Running training on agent 2.
Running training on agent 3.
Running training on agent 4.
Running training on agent 5.
Running training on agent 6.
Running training on agent 7.
Running training on agent 8.
Running training on agent 9.
Current attacking agent is 0, coefficient is 2.

Joint model, Test set: Average loss: 0.2664, Accuracy: 9543/10000 (95%)

Running epoch 14 out of 150.
Running training on agent 0.
Running training on agent 1.
Running training on agent 2.
Running training on agent 3.
Running training on agent 4.
Running training on agent 5.
Running training on agent 6.
Running training on agent 7.
Running training on agent 8.
Running training on agent 9.
Current attacking agent is 0, coefficient is 2.

Joint model, Test set: Average loss: 0.3579, Accuracy: 9502/10000 (95%)

Running epoch 15 out of 150.
Running training on agent 0.
Running training on agent 1.
Running training on agent 2.
Running training on agent 3.
Running training on agent 4.
Running training on agent 5.
Running training on agent 6.
Running training on agent 7.
Running training on agent 8.
Running training on agent 9.
Current attacking agent is 0, coefficient is 2.

Joint model, Test set: Average loss: 0.4974, Accuracy: 9481/10000 (95%)

Running epoch 16 out of 150.
Running training on agent 0.
Running training on agent 1.
Running training on agent 2.
Running training on agent 3.
Running training on agent 4.
Running training on agent 5.
Running training on agent 6.
Running training on agent 7.
Running training on agent 8.
Running training on agent 9.
Current attacking agent is 0, coefficient is 2.

Joint model, Test set: Average loss: 0.7047, Accuracy: 9460/10000 (95%)

Running epoch 17 out of 150.
Running training on agent 0.
Running training on agent 1.
Running training on agent 2.
Running training on agent 3.
Running training on agent 4.
Running training on agent 5.
Running training on agent 6.
Running training on agent 7.
Running training on agent 8.
Running training on agent 9.
Current attacking agent is 0, coefficient is 2.

Joint model, Test set: Average loss: 1.0130, Accuracy: 9438/10000 (94%)

Running epoch 18 out of 150.
Running training on agent 0.
Running training on agent 1.
Running training on agent 2.
Running training on agent 3.
Running training on agent 4.
Running training on agent 5.
Running training on agent 6.
Running training on agent 7.
Running training on agent 8.
Running training on agent 9.
Current attacking agent is 0, coefficient is 2.

Joint model, Test set: Average loss: 1.4708, Accuracy: 9419/10000 (94%)

Running epoch 19 out of 150.
Running training on agent 0.
Running training on agent 1.
Running training on agent 2.
Running training on agent 3.
Running training on agent 4.
Running training on agent 5.
Running training on agent 6.
Running training on agent 7.
Running training on agent 8.
Running training on agent 9.
Current attacking agent is 0, coefficient is 2.

Joint model, Test set: Average loss: 2.1540, Accuracy: 9402/10000 (94%)

Running epoch 20 out of 150.
Running training on agent 0.
Running training on agent 1.
Running training on agent 2.
Running training on agent 3.
Running training on agent 4.
Running training on agent 5.
Running training on agent 6.
Running training on agent 7.
Running training on agent 8.
Running training on agent 9.
Current attacking agent is 0, coefficient is 2.

Joint model, Test set: Average loss: 3.1598, Accuracy: 9381/10000 (94%)

Finished Running epoch 20, printing results dictionary to file.
Finished printing results dictionary to file after epoch 20.
Running epoch 21 out of 150.
Running training on agent 0.
Running training on agent 1.
Running training on agent 2.
Running training on agent 3.
Running training on agent 4.
Running training on agent 5.
Running training on agent 6.
Running training on agent 7.
Running training on agent 8.
Running training on agent 9.
Current attacking agent is 0, coefficient is 2.

Joint model, Test set: Average loss: 4.6421, Accuracy: 9358/10000 (94%)

Running epoch 22 out of 150.
Running training on agent 0.
Running training on agent 1.
Running training on agent 2.
Running training on agent 3.
Running training on agent 4.
Running training on agent 5.
Running training on agent 6.
Running training on agent 7.
Running training on agent 8.
Running training on agent 9.
Current attacking agent is 0, coefficient is 2.

Joint model, Test set: Average loss: 6.8229, Accuracy: 9346/10000 (93%)

Running epoch 23 out of 150.
Running training on agent 0.
Running training on agent 1.
Running training on agent 2.
Running training on agent 3.
Running training on agent 4.
Running training on agent 5.
Running training on agent 6.
Running training on agent 7.
Running training on agent 8.
Running training on agent 9.
Current attacking agent is 0, coefficient is 2.

Joint model, Test set: Average loss: 10.0333, Accuracy: 9335/10000 (93%)

Running epoch 24 out of 150.
Running training on agent 0.
Running training on agent 1.
Running training on agent 2.
Running training on agent 3.
Running training on agent 4.
Running training on agent 5.
Running training on agent 6.
Running training on agent 7.
Running training on agent 8.
Running training on agent 9.
Current attacking agent is 0, coefficient is 2.

Joint model, Test set: Average loss: 14.7488, Accuracy: 9327/10000 (93%)

Running epoch 25 out of 150.
Running training on agent 0.
Running training on agent 1.
Running training on agent 2.
Running training on agent 3.
Running training on agent 4.
Running training on agent 5.
Running training on agent 6.
Running training on agent 7.
Running training on agent 8.
Running training on agent 9.
Current attacking agent is 0, coefficient is 2.

Joint model, Test set: Average loss: 21.6683, Accuracy: 9324/10000 (93%)

Running epoch 26 out of 150.
Running training on agent 0.
Running training on agent 1.
Running training on agent 2.
Running training on agent 3.
Running training on agent 4.
Running training on agent 5.
Running training on agent 6.
Running training on agent 7.
Running training on agent 8.
Running training on agent 9.
Current attacking agent is 0, coefficient is 2.

Joint model, Test set: Average loss: 31.8202, Accuracy: 9318/10000 (93%)

Running epoch 27 out of 150.
Running training on agent 0.
Running training on agent 1.
Running training on agent 2.
Running training on agent 3.
Running training on agent 4.
Running training on agent 5.
Running training on agent 6.
Running training on agent 7.
Running training on agent 8.
Running training on agent 9.
Current attacking agent is 0, coefficient is 2.

Joint model, Test set: Average loss: 46.7105, Accuracy: 9314/10000 (93%)

Running epoch 28 out of 150.
Running training on agent 0.
Running training on agent 1.
Running training on agent 2.
Running training on agent 3.
Running training on agent 4.
Running training on agent 5.
Running training on agent 6.
Running training on agent 7.
Running training on agent 8.
Running training on agent 9.
Current attacking agent is 0, coefficient is 2.

Joint model, Test set: Average loss: 68.5563, Accuracy: 9307/10000 (93%)

Running epoch 29 out of 150.
Running training on agent 0.
Running training on agent 1.
Running training on agent 2.
Running training on agent 3.
Running training on agent 4.
Running training on agent 5.
Running training on agent 6.
Running training on agent 7.
Running training on agent 8.
Running training on agent 9.
Current attacking agent is 0, coefficient is 2.

Joint model, Test set: Average loss: 100.5759, Accuracy: 9304/10000 (93%)

Running epoch 30 out of 150.
Running training on agent 0.
Running training on agent 1.
Running training on agent 2.
Running training on agent 3.
Running training on agent 4.
Running training on agent 5.
Running training on agent 6.
Running training on agent 7.
Running training on agent 8.
Running training on agent 9.
Current attacking agent is 0, coefficient is 2.

Joint model, Test set: Average loss: 147.4763, Accuracy: 9301/10000 (93%)

Finished Running epoch 30, printing results dictionary to file.
Finished printing results dictionary to file after epoch 30.
Running epoch 31 out of 150.
Running training on agent 0.
Running training on agent 1.
Running training on agent 2.
Running training on agent 3.
Running training on agent 4.
Running training on agent 5.
Running training on agent 6.
Running training on agent 7.
Running training on agent 8.
Running training on agent 9.
Current attacking agent is 0, coefficient is 2.

Joint model, Test set: Average loss: 216.2040, Accuracy: 9299/10000 (93%)

Running epoch 32 out of 150.
Running training on agent 0.
Running training on agent 1.
Running training on agent 2.
Running training on agent 3.
Running training on agent 4.
Running training on agent 5.
Running training on agent 6.
Running training on agent 7.
Running training on agent 8.
Running training on agent 9.
Current attacking agent is 0, coefficient is 2.

Joint model, Test set: Average loss: 316.9211, Accuracy: 9296/10000 (93%)

Running epoch 33 out of 150.
Running training on agent 0.
Running training on agent 1.
Running training on agent 2.
Running training on agent 3.
Running training on agent 4.
Running training on agent 5.
Running training on agent 6.
Running training on agent 7.
Running training on agent 8.
Running training on agent 9.
Current attacking agent is 0, coefficient is 2.

Joint model, Test set: Average loss: 464.4156, Accuracy: 9294/10000 (93%)

Running epoch 34 out of 150.
Running training on agent 0.
Running training on agent 1.
Running training on agent 2.
Running training on agent 3.
Running training on agent 4.
Running training on agent 5.
Running training on agent 6.
Running training on agent 7.
Running training on agent 8.
Running training on agent 9.
Current attacking agent is 0, coefficient is 2.

Joint model, Test set: Average loss: 680.4963, Accuracy: 9293/10000 (93%)

Running epoch 35 out of 150.
Running training on agent 0.
Running training on agent 1.
Running training on agent 2.
Running training on agent 3.
Running training on agent 4.
Running training on agent 5.
Running training on agent 6.
Running training on agent 7.
Running training on agent 8.
Running training on agent 9.
Current attacking agent is 0, coefficient is 2.

Joint model, Test set: Average loss: 996.8719, Accuracy: 9292/10000 (93%)

Running epoch 36 out of 150.
Running training on agent 0.
Running training on agent 1.
Running training on agent 2.
Running training on agent 3.
Running training on agent 4.
Running training on agent 5.
Running training on agent 6.
Running training on agent 7.
Running training on agent 8.
Running training on agent 9.
Current attacking agent is 0, coefficient is 2.

Joint model, Test set: Average loss: 1460.2556, Accuracy: 9291/10000 (93%)

Running epoch 37 out of 150.
Running training on agent 0.
Running training on agent 1.
Running training on agent 2.
Running training on agent 3.
Running training on agent 4.
Running training on agent 5.
Running training on agent 6.
Running training on agent 7.
Running training on agent 8.
Running training on agent 9.
Current attacking agent is 0, coefficient is 2.

Joint model, Test set: Average loss: 2138.9440, Accuracy: 9290/10000 (93%)

Running epoch 38 out of 150.
Running training on agent 0.
Running training on agent 1.
Running training on agent 2.
Running training on agent 3.
Running training on agent 4.
Running training on agent 5.
Running training on agent 6.
Running training on agent 7.
Running training on agent 8.
Running training on agent 9.
Current attacking agent is 0, coefficient is 2.

Joint model, Test set: Average loss: 3132.5709, Accuracy: 9290/10000 (93%)

Running epoch 39 out of 150.
Running training on agent 0.
Running training on agent 1.
Running training on agent 2.
Running training on agent 3.
Running training on agent 4.
Running training on agent 5.
Running training on agent 6.
Running training on agent 7.
Running training on agent 8.
Running training on agent 9.
Current attacking agent is 0, coefficient is 2.

Joint model, Test set: Average loss: 4587.3744, Accuracy: 9290/10000 (93%)

Running epoch 40 out of 150.
Running training on agent 0.
Running training on agent 1.
Running training on agent 2.
Running training on agent 3.
Running training on agent 4.
Running training on agent 5.
Running training on agent 6.
Running training on agent 7.
Running training on agent 8.
Running training on agent 9.
Current attacking agent is 0, coefficient is 2.

Joint model, Test set: Average loss: 6718.2562, Accuracy: 9288/10000 (93%)

Finished Running epoch 40, printing results dictionary to file.
Finished printing results dictionary to file after epoch 40.
Running epoch 41 out of 150.
Running training on agent 0.
Running training on agent 1.
Running training on agent 2.
Running training on agent 3.
Running training on agent 4.
Running training on agent 5.
Running training on agent 6.
Running training on agent 7.
Running training on agent 8.
Running training on agent 9.
Current attacking agent is 0, coefficient is 2.

Joint model, Test set: Average loss: 9837.6620, Accuracy: 9287/10000 (93%)

Running epoch 42 out of 150.
Running training on agent 0.
Running training on agent 1.
Running training on agent 2.
Running training on agent 3.
Running training on agent 4.
Running training on agent 5.
Running training on agent 6.
Running training on agent 7.
Running training on agent 8.
Running training on agent 9.
Current attacking agent is 0, coefficient is 2.

Joint model, Test set: Average loss: 14404.2154, Accuracy: 9287/10000 (93%)

Running epoch 43 out of 150.
Running training on agent 0.
Running training on agent 1.
Running training on agent 2.
Running training on agent 3.
Running training on agent 4.
Running training on agent 5.
Running training on agent 6.
Running training on agent 7.
Running training on agent 8.
Running training on agent 9.
Current attacking agent is 0, coefficient is 2.

Joint model, Test set: Average loss: 21092.1598, Accuracy: 9286/10000 (93%)

Running epoch 44 out of 150.
Running training on agent 0.
Running training on agent 1.
Running training on agent 2.
Running training on agent 3.
Running training on agent 4.
Running training on agent 5.
Running training on agent 6.
Running training on agent 7.
Running training on agent 8.
Running training on agent 9.
Current attacking agent is 0, coefficient is 2.

Joint model, Test set: Average loss: 30883.8576, Accuracy: 9286/10000 (93%)

Running epoch 45 out of 150.
Running training on agent 0.
Running training on agent 1.
Running training on agent 2.
Running training on agent 3.
Running training on agent 4.
Running training on agent 5.
Running training on agent 6.
Running training on agent 7.
Running training on agent 8.
Running training on agent 9.
Current attacking agent is 0, coefficient is 2.

Joint model, Test set: Average loss: 45219.4220, Accuracy: 9286/10000 (93%)

Running epoch 46 out of 150.
Running training on agent 0.
Running training on agent 1.
Running training on agent 2.
Running training on agent 3.
Running training on agent 4.
Running training on agent 5.
Running training on agent 6.
Running training on agent 7.
Running training on agent 8.
Running training on agent 9.
Current attacking agent is 0, coefficient is 2.

Joint model, Test set: Average loss: 66210.6732, Accuracy: 9286/10000 (93%)

Running epoch 47 out of 150.
Running training on agent 0.
Running training on agent 1.
Running training on agent 2.
Running training on agent 3.
Running training on agent 4.
Running training on agent 5.
Running training on agent 6.
Running training on agent 7.
Running training on agent 8.
Running training on agent 9.
Current attacking agent is 0, coefficient is 2.

Joint model, Test set: Average loss: 96951.6568, Accuracy: 9286/10000 (93%)

Running epoch 48 out of 150.
Running training on agent 0.
Running training on agent 1.
Running training on agent 2.
Running training on agent 3.
Running training on agent 4.
Running training on agent 5.
Running training on agent 6.
Running training on agent 7.
Running training on agent 8.
Running training on agent 9.
Current attacking agent is 0, coefficient is 2.

Joint model, Test set: Average loss: 141944.3112, Accuracy: 9286/10000 (93%)

Running epoch 49 out of 150.
Running training on agent 0.
Running training on agent 1.
Running training on agent 2.
Running training on agent 3.
Running training on agent 4.
Running training on agent 5.
Running training on agent 6.
Running training on agent 7.
Running training on agent 8.
Running training on agent 9.
Current attacking agent is 0, coefficient is 2.

Joint model, Test set: Average loss: 207832.5328, Accuracy: 9286/10000 (93%)

Running epoch 50 out of 150.
Running training on agent 0.
Running training on agent 1.
Running training on agent 2.
Running training on agent 3.
Running training on agent 4.
Running training on agent 5.
Running training on agent 6.
Running training on agent 7.
Running training on agent 8.
Running training on agent 9.
Current attacking agent is 0, coefficient is 2.

Joint model, Test set: Average loss: 304294.9680, Accuracy: 9285/10000 (93%)

Finished Running epoch 50, printing results dictionary to file.
Finished printing results dictionary to file after epoch 50.
Running epoch 51 out of 150.
Running training on agent 0.
Running training on agent 1.
Running training on agent 2.
Running training on agent 3.
Running training on agent 4.
Running training on agent 5.
Running training on agent 6.
Running training on agent 7.
Running training on agent 8.
Running training on agent 9.
Current attacking agent is 0, coefficient is 2.

Joint model, Test set: Average loss: 445556.0608, Accuracy: 9285/10000 (93%)

Running epoch 52 out of 150.
Running training on agent 0.
Running training on agent 1.
Running training on agent 2.
Running training on agent 3.
Running training on agent 4.
Running training on agent 5.
Running training on agent 6.
Running training on agent 7.
Running training on agent 8.
Running training on agent 9.
Current attacking agent is 0, coefficient is 2.

Joint model, Test set: Average loss: 652297.2320, Accuracy: 9285/10000 (93%)

Running epoch 53 out of 150.
Running training on agent 0.
Running training on agent 1.
Running training on agent 2.
Running training on agent 3.
Running training on agent 4.
Running training on agent 5.
Running training on agent 6.
Running training on agent 7.
Running training on agent 8.
Running training on agent 9.
Current attacking agent is 0, coefficient is 2.

Joint model, Test set: Average loss: 955076.7616, Accuracy: 9285/10000 (93%)

Running epoch 54 out of 150.
Running training on agent 0.
Running training on agent 1.
Running training on agent 2.
Running training on agent 3.
Running training on agent 4.
Running training on agent 5.
Running training on agent 6.
Running training on agent 7.
Running training on agent 8.
Running training on agent 9.
Current attacking agent is 0, coefficient is 2.

Joint model, Test set: Average loss: 1398229.9648, Accuracy: 9285/10000 (93%)

Running epoch 55 out of 150.
Running training on agent 0.
Running training on agent 1.
Running training on agent 2.
Running training on agent 3.
Running training on agent 4.
Running training on agent 5.
Running training on agent 6.
Running training on agent 7.
Running training on agent 8.
Running training on agent 9.
Current attacking agent is 0, coefficient is 2.

Joint model, Test set: Average loss: 2047267.5456, Accuracy: 9285/10000 (93%)

Running epoch 56 out of 150.
Running training on agent 0.
Running training on agent 1.
Running training on agent 2.
Running training on agent 3.
Running training on agent 4.
Running training on agent 5.
Running training on agent 6.
Running training on agent 7.
Running training on agent 8.
Running training on agent 9.
Current attacking agent is 0, coefficient is 2.

Joint model, Test set: Average loss: 2997521.9072, Accuracy: 9285/10000 (93%)

Running epoch 57 out of 150.
Running training on agent 0.
Running training on agent 1.
Running training on agent 2.
Running training on agent 3.
Running training on agent 4.
Running training on agent 5.
Running training on agent 6.
Running training on agent 7.
Running training on agent 8.
Running training on agent 9.
Current attacking agent is 0, coefficient is 2.

Joint model, Test set: Average loss: 4388522.0096, Accuracy: 9285/10000 (93%)

Running epoch 58 out of 150.
Running training on agent 0.
Running training on agent 1.
Running training on agent 2.
Running training on agent 3.
Running training on agent 4.
Running training on agent 5.
Running training on agent 6.
Running training on agent 7.
Running training on agent 8.
Running training on agent 9.
Current attacking agent is 0, coefficient is 2.

Joint model, Test set: Average loss: 6425277.0048, Accuracy: 9285/10000 (93%)

Running epoch 59 out of 150.
Running training on agent 0.
Running training on agent 1.
Running training on agent 2.
Running training on agent 3.
Running training on agent 4.
Running training on agent 5.
Running training on agent 6.
Running training on agent 7.
Running training on agent 8.
Running training on agent 9.
Current attacking agent is 0, coefficient is 2.

Joint model, Test set: Average loss: 9407310.5408, Accuracy: 9285/10000 (93%)

Running epoch 60 out of 150.
Running training on agent 0.
Running training on agent 1.
Running training on agent 2.
Running training on agent 3.
Running training on agent 4.
Running training on agent 5.
Running training on agent 6.
Running training on agent 7.
Running training on agent 8.
Running training on agent 9.
Current attacking agent is 0, coefficient is 2.

Joint model, Test set: Average loss: 13774021.3248, Accuracy: 9285/10000 (93%)

Finished Running epoch 60, printing results dictionary to file.
Finished printing results dictionary to file after epoch 60.
Running epoch 61 out of 150.
Running training on agent 0.
Running training on agent 1.
Running training on agent 2.
Running training on agent 3.
Running training on agent 4.
Running training on agent 5.
Running training on agent 6.
Running training on agent 7.
Running training on agent 8.
Running training on agent 9.
Current attacking agent is 0, coefficient is 2.

Joint model, Test set: Average loss: 20166131.7120, Accuracy: 9285/10000 (93%)

Running epoch 62 out of 150.
Running training on agent 0.
Running training on agent 1.
Running training on agent 2.
Running training on agent 3.
Running training on agent 4.
Running training on agent 5.
Running training on agent 6.
Running training on agent 7.
Running training on agent 8.
Running training on agent 9.
Current attacking agent is 0, coefficient is 2.

Joint model, Test set: Average loss: 29522862.6944, Accuracy: 9285/10000 (93%)

Running epoch 63 out of 150.
Running training on agent 0.
Running training on agent 1.
Running training on agent 2.
Running training on agent 3.
Running training on agent 4.
Running training on agent 5.
Running training on agent 6.
Running training on agent 7.
Running training on agent 8.
Running training on agent 9.
Current attacking agent is 0, coefficient is 2.

Joint model, Test set: Average loss: 43226260.2752, Accuracy: 9285/10000 (93%)

Running epoch 64 out of 150.
Running training on agent 0.
Running training on agent 1.
Running training on agent 2.
Running training on agent 3.
Running training on agent 4.
Running training on agent 5.
Running training on agent 6.
Running training on agent 7.
Running training on agent 8.
Running training on agent 9.
Current attacking agent is 0, coefficient is 2.

Joint model, Test set: Average loss: 63290089.4720, Accuracy: 9285/10000 (93%)

Running epoch 65 out of 150.
Running training on agent 0.
Running training on agent 1.
Running training on agent 2.
Running training on agent 3.
Running training on agent 4.
Running training on agent 5.
Running training on agent 6.
Running training on agent 7.
Running training on agent 8.
Running training on agent 9.
Current attacking agent is 0, coefficient is 2.

Joint model, Test set: Average loss: 92660378.0096, Accuracy: 9285/10000 (93%)

Running epoch 66 out of 150.
Running training on agent 0.
Running training on agent 1.
Running training on agent 2.
Running training on agent 3.
Running training on agent 4.
Running training on agent 5.
Running training on agent 6.
Running training on agent 7.
Running training on agent 8.
Running training on agent 9.
Current attacking agent is 0, coefficient is 2.

Joint model, Test set: Average loss: 135663333.3760, Accuracy: 9285/10000 (93%)

Running epoch 67 out of 150.
Running training on agent 0.
Running training on agent 1.
Running training on agent 2.
Running training on agent 3.
Running training on agent 4.
Running training on agent 5.
Running training on agent 6.
Running training on agent 7.
Running training on agent 8.
Running training on agent 9.
Current attacking agent is 0, coefficient is 2.

Joint model, Test set: Average loss: 198624703.2832, Accuracy: 9285/10000 (93%)

Running epoch 68 out of 150.
Running training on agent 0.
Running training on agent 1.
Running training on agent 2.
Running training on agent 3.
Running training on agent 4.
Running training on agent 5.
Running training on agent 6.
Running training on agent 7.
Running training on agent 8.
Running training on agent 9.
Current attacking agent is 0, coefficient is 2.

Joint model, Test set: Average loss: 290796196.6592, Accuracy: 9285/10000 (93%)

Running epoch 69 out of 150.
Running training on agent 0.
Running training on agent 1.
Running training on agent 2.
Running training on agent 3.
Running training on agent 4.
Running training on agent 5.
Running training on agent 6.
Running training on agent 7.
Running training on agent 8.
Running training on agent 9.
Current attacking agent is 0, coefficient is 2.

Joint model, Test set: Average loss: 425766610.5344, Accuracy: 9285/10000 (93%)

Running epoch 70 out of 150.
Running training on agent 0.
Running training on agent 1.
Running training on agent 2.
Running training on agent 3.
Running training on agent 4.
Running training on agent 5.
Running training on agent 6.
Running training on agent 7.
Running training on agent 8.
Running training on agent 9.
Current attacking agent is 0, coefficient is 2.

Joint model, Test set: Average loss: 623362660.7616, Accuracy: 9285/10000 (93%)

Finished Running epoch 70, printing results dictionary to file.
Finished printing results dictionary to file after epoch 70.
Running epoch 71 out of 150.
Running training on agent 0.
Running training on agent 1.
Running training on agent 2.
Running training on agent 3.
Running training on agent 4.
Running training on agent 5.
Running training on agent 6.
Running training on agent 7.
Running training on agent 8.
Running training on agent 9.
Current attacking agent is 0, coefficient is 2.

Joint model, Test set: Average loss: 912706597.6832, Accuracy: 9285/10000 (93%)

Running epoch 72 out of 150.
Running training on agent 0.
Running training on agent 1.
Running training on agent 2.
Running training on agent 3.
Running training on agent 4.
Running training on agent 5.
Running training on agent 6.
Running training on agent 7.
Running training on agent 8.
Running training on agent 9.
Current attacking agent is 0, coefficient is 2.

Joint model, Test set: Average loss: 1336315196.2112, Accuracy: 9285/10000 (93%)

Running epoch 73 out of 150.
Running training on agent 0.
Running training on agent 1.
Running training on agent 2.
Running training on agent 3.
Running training on agent 4.
Running training on agent 5.
Running training on agent 6.
Running training on agent 7.
Running training on agent 8.
Running training on agent 9.
Current attacking agent is 0, coefficient is 2.

Joint model, Test set: Average loss: 1956390240.2560, Accuracy: 9285/10000 (93%)

Running epoch 74 out of 150.
Running training on agent 0.
Running training on agent 1.
Running training on agent 2.
Running training on agent 3.
Running training on agent 4.
Running training on agent 5.
Running training on agent 6.
Running training on agent 7.
Running training on agent 8.
Running training on agent 9.
Current attacking agent is 0, coefficient is 2.

Joint model, Test set: Average loss: 2864291315.7120, Accuracy: 9285/10000 (93%)

Running epoch 75 out of 150.
Running training on agent 0.
Running training on agent 1.
Running training on agent 2.
Running training on agent 3.
Running training on agent 4.
Running training on agent 5.
Running training on agent 6.
Running training on agent 7.
Running training on agent 8.
Running training on agent 9.
Current attacking agent is 0, coefficient is 2.

Joint model, Test set: Average loss: 4193637918.3104, Accuracy: 9286/10000 (93%)

Running epoch 76 out of 150.
Running training on agent 0.
Running training on agent 1.
Running training on agent 2.
Running training on agent 3.
Running training on agent 4.
Running training on agent 5.
Running training on agent 6.
Running training on agent 7.
Running training on agent 8.
Running training on agent 9.
Current attacking agent is 0, coefficient is 2.

Joint model, Test set: Average loss: 6139803651.2768, Accuracy: 9285/10000 (93%)

Running epoch 77 out of 150.
Running training on agent 0.
Running training on agent 1.
Running training on agent 2.
Running training on agent 3.
Running training on agent 4.
Running training on agent 5.
Running training on agent 6.
Running training on agent 7.
Running training on agent 8.
Running training on agent 9.
Current attacking agent is 0, coefficient is 2.

Joint model, Test set: Average loss: 8990239123.0464, Accuracy: 9285/10000 (93%)

Running epoch 78 out of 150.
Running training on agent 0.
Running training on agent 1.
Running training on agent 2.
Running training on agent 3.
Running training on agent 4.
Running training on agent 5.
Running training on agent 6.
Running training on agent 7.
Running training on agent 8.
Running training on agent 9.
Current attacking agent is 0, coefficient is 2.

Joint model, Test set: Average loss: 13161614855.3728, Accuracy: 9285/10000 (93%)

Running epoch 79 out of 150.
Running training on agent 0.
Running training on agent 1.
Running training on agent 2.
Running training on agent 3.
Running training on agent 4.
Running training on agent 5.
Running training on agent 6.
Running training on agent 7.
Running training on agent 8.
Running training on agent 9.
Current attacking agent is 0, coefficient is 2.

Joint model, Test set: Average loss: 19270520012.8000, Accuracy: 9285/10000 (93%)

Running epoch 80 out of 150.
Running training on agent 0.
Running training on agent 1.
Running training on agent 2.
Running training on agent 3.
Running training on agent 4.
Running training on agent 5.
Running training on agent 6.
Running training on agent 7.
Running training on agent 8.
Running training on agent 9.
Current attacking agent is 0, coefficient is 2.

Joint model, Test set: Average loss: 28213523775.4880, Accuracy: 9285/10000 (93%)

Finished Running epoch 80, printing results dictionary to file.
Finished printing results dictionary to file after epoch 80.
Running epoch 81 out of 150.
Running training on agent 0.
Running training on agent 1.
Running training on agent 2.
Running training on agent 3.
Running training on agent 4.
Running training on agent 5.
Running training on agent 6.
Running training on agent 7.
Running training on agent 8.
Running training on agent 9.
Current attacking agent is 0, coefficient is 2.

Joint model, Test set: Average loss: 41309069272.6784, Accuracy: 9285/10000 (93%)

Running epoch 82 out of 150.
Running training on agent 0.
Running training on agent 1.
Running training on agent 2.
Running training on agent 3.
Running training on agent 4.
Running training on agent 5.
Running training on agent 6.
Running training on agent 7.
Running training on agent 8.
Running training on agent 9.
Current attacking agent is 0, coefficient is 2.

Joint model, Test set: Average loss: 60472005387.8784, Accuracy: 9285/10000 (93%)

Running epoch 83 out of 150.
Running training on agent 0.
Running training on agent 1.
Running training on agent 2.
Running training on agent 3.
Running training on agent 4.
Running training on agent 5.
Running training on agent 6.
Running training on agent 7.
Running training on agent 8.
Running training on agent 9.
Current attacking agent is 0, coefficient is 2.

Joint model, Test set: Average loss: 88545244584.3456, Accuracy: 9285/10000 (93%)

Running epoch 84 out of 150.
Running training on agent 0.
Running training on agent 1.
Running training on agent 2.
Running training on agent 3.
Running training on agent 4.
Running training on agent 5.
Running training on agent 6.
Running training on agent 7.
Running training on agent 8.
Running training on agent 9.
Current attacking agent is 0, coefficient is 2.

Joint model, Test set: Average loss: 129636874426.7776, Accuracy: 9285/10000 (93%)

Running epoch 85 out of 150.
Running training on agent 0.
Running training on agent 1.
Running training on agent 2.
Running training on agent 3.
Running training on agent 4.
Running training on agent 5.
Running training on agent 6.
Running training on agent 7.
Running training on agent 8.
Running training on agent 9.
Current attacking agent is 0, coefficient is 2.

Joint model, Test set: Average loss: 189802315618.7136, Accuracy: 9285/10000 (93%)

Running epoch 86 out of 150.
Running training on agent 0.
Running training on agent 1.
Running training on agent 2.
Running training on agent 3.
Running training on agent 4.
Running training on agent 5.
Running training on agent 6.
Running training on agent 7.
Running training on agent 8.
Running training on agent 9.
Current attacking agent is 0, coefficient is 2.

Joint model, Test set: Average loss: 277905696148.6848, Accuracy: 9286/10000 (93%)

Running epoch 87 out of 150.
Running training on agent 0.
Running training on agent 1.
Running training on agent 2.
Running training on agent 3.
Running training on agent 4.
Running training on agent 5.
Running training on agent 6.
Running training on agent 7.
Running training on agent 8.
Running training on agent 9.
Current attacking agent is 0, coefficient is 2.

Joint model, Test set: Average loss: 406878883204.3008, Accuracy: 9285/10000 (93%)

Running epoch 88 out of 150.
Running training on agent 0.
Running training on agent 1.
Running training on agent 2.
Running training on agent 3.
Running training on agent 4.
Running training on agent 5.
Running training on agent 6.
Running training on agent 7.
Running training on agent 8.
Running training on agent 9.
Current attacking agent is 0, coefficient is 2.

Joint model, Test set: Average loss: 595707883736.2688, Accuracy: 9285/10000 (93%)

Running epoch 89 out of 150.
Running training on agent 0.
Running training on agent 1.
Running training on agent 2.
Running training on agent 3.
Running training on agent 4.
Running training on agent 5.
Running training on agent 6.
Running training on agent 7.
Running training on agent 8.
Running training on agent 9.
Current attacking agent is 0, coefficient is 2.

Joint model, Test set: Average loss: 872138783745.6384, Accuracy: 9285/10000 (93%)

Running epoch 90 out of 150.
Running training on agent 0.
Running training on agent 1.
Running training on agent 2.
Running training on agent 3.
Running training on agent 4.
Running training on agent 5.
Running training on agent 6.
Running training on agent 7.
Running training on agent 8.
Running training on agent 9.
Current attacking agent is 0, coefficient is 2.

Joint model, Test set: Average loss: 1276934075973.6321, Accuracy: 9285/10000 (93%)

Finished Running epoch 90, printing results dictionary to file.
Finished printing results dictionary to file after epoch 90.
Running epoch 91 out of 150.
Running training on agent 0.
Running training on agent 1.
Running training on agent 2.
Running training on agent 3.
Running training on agent 4.
Running training on agent 5.
Running training on agent 6.
Running training on agent 7.
Running training on agent 8.
Running training on agent 9.
Current attacking agent is 0, coefficient is 2.

Joint model, Test set: Average loss: 1869579829221.7856, Accuracy: 9285/10000 (93%)

Running epoch 92 out of 150.
Running training on agent 0.
Running training on agent 1.
Running training on agent 2.
Running training on agent 3.
Running training on agent 4.
Running training on agent 5.
Running training on agent 6.
Running training on agent 7.
Running training on agent 8.
Running training on agent 9.
Current attacking agent is 0, coefficient is 2.

Joint model, Test set: Average loss: 2737024066073.3950, Accuracy: 9285/10000 (93%)

Running epoch 93 out of 150.
Running training on agent 0.
Running training on agent 1.
Running training on agent 2.
Running training on agent 3.
Running training on agent 4.
Running training on agent 5.
Running training on agent 6.
Running training on agent 7.
Running training on agent 8.
Running training on agent 9.
Current attacking agent is 0, coefficient is 2.

Joint model, Test set: Average loss: 4007590497353.7280, Accuracy: 9285/10000 (93%)

Running epoch 94 out of 150.
Running training on agent 0.
Running training on agent 1.
Running training on agent 2.
Running training on agent 3.
Running training on agent 4.
Running training on agent 5.
Running training on agent 6.
Running training on agent 7.
Running training on agent 8.
Running training on agent 9.
Current attacking agent is 0, coefficient is 2.

Joint model, Test set: Average loss: 5867679039409.3564, Accuracy: 9285/10000 (93%)

Running epoch 95 out of 150.
Running training on agent 0.
Running training on agent 1.
Running training on agent 2.
Running training on agent 3.
Running training on agent 4.
Running training on agent 5.
Running training on agent 6.
Running training on agent 7.
Running training on agent 8.
Running training on agent 9.
Current attacking agent is 0, coefficient is 2.

Joint model, Test set: Average loss: 8590136187027.4561, Accuracy: 9285/10000 (93%)

Running epoch 96 out of 150.
Running training on agent 0.
Running training on agent 1.
Running training on agent 2.
Running training on agent 3.
Running training on agent 4.
Running training on agent 5.
Running training on agent 6.
Running training on agent 7.
Running training on agent 8.
Running training on agent 9.
Current attacking agent is 0, coefficient is 2.

Joint model, Test set: Average loss: 12577289887809.5352, Accuracy: 9285/10000 (93%)

Running epoch 97 out of 150.
Running training on agent 0.
Running training on agent 1.
Running training on agent 2.
Running training on agent 3.
Running training on agent 4.
Running training on agent 5.
Running training on agent 6.
Running training on agent 7.
Running training on agent 8.
Running training on agent 9.
Current attacking agent is 0, coefficient is 2.

Joint model, Test set: Average loss: 18414810686921.1133, Accuracy: 9285/10000 (93%)

Running epoch 98 out of 150.
Running training on agent 0.
Running training on agent 1.
Running training on agent 2.
Running training on agent 3.
Running training on agent 4.
Running training on agent 5.
Running training on agent 6.
Running training on agent 7.
Running training on agent 8.
Running training on agent 9.
Current attacking agent is 0, coefficient is 2.

Joint model, Test set: Average loss: 26962085838376.1406, Accuracy: 9285/10000 (93%)

Running epoch 99 out of 150.
Running training on agent 0.
Running training on agent 1.
Running training on agent 2.
Running training on agent 3.
Running training on agent 4.
Running training on agent 5.
Running training on agent 6.
Running training on agent 7.
Running training on agent 8.
Running training on agent 9.
Current attacking agent is 0, coefficient is 2.

Joint model, Test set: Average loss: 39475501187307.9297, Accuracy: 9285/10000 (93%)

Running epoch 100 out of 150.
Running training on agent 0.
Running training on agent 1.
Running training on agent 2.
Running training on agent 3.
Running training on agent 4.
Running training on agent 5.
Running training on agent 6.
Running training on agent 7.
Running training on agent 8.
Running training on agent 9.
Current attacking agent is 0, coefficient is 2.

Joint model, Test set: Average loss: 57790902386556.9297, Accuracy: 9285/10000 (93%)

Finished Running epoch 100, printing results dictionary to file.
Finished printing results dictionary to file after epoch 100.
Running epoch 101 out of 150.
Running training on agent 0.
Running training on agent 1.
Running training on agent 2.
Running training on agent 3.
Running training on agent 4.
Running training on agent 5.
Running training on agent 6.
Running training on agent 7.
Running training on agent 8.
Running training on agent 9.
Current attacking agent is 0, coefficient is 2.

Joint model, Test set: Average loss: 84611404628020.4219, Accuracy: 9285/10000 (93%)

Running epoch 102 out of 150.
Running training on agent 0.
Running training on agent 1.
Running training on agent 2.
Running training on agent 3.
Running training on agent 4.
Running training on agent 5.
Running training on agent 6.
Running training on agent 7.
Running training on agent 8.
Running training on agent 9.
Current attacking agent is 0, coefficient is 2.

Joint model, Test set: Average loss: 123879034766911.0781, Accuracy: 9285/10000 (93%)

Running epoch 103 out of 150.
Running training on agent 0.
Running training on agent 1.
Running training on agent 2.
Running training on agent 3.
Running training on agent 4.
Running training on agent 5.
Running training on agent 6.
Running training on agent 7.
Running training on agent 8.
Running training on agent 9.
Current attacking agent is 0, coefficient is 2.

Joint model, Test set: Average loss: 181379431578520.7812, Accuracy: 9285/10000 (93%)

Running epoch 104 out of 150.
Running training on agent 0.
Running training on agent 1.
Running training on agent 2.
Running training on agent 3.
Running training on agent 4.
Running training on agent 5.
Running training on agent 6.
Running training on agent 7.
Running training on agent 8.
Running training on agent 9.
Current attacking agent is 0, coefficient is 2.

Joint model, Test set: Average loss: 265564943813496.0000, Accuracy: 9285/10000 (93%)

Running epoch 105 out of 150.
Running training on agent 0.
Running training on agent 1.
Running training on agent 2.
Running training on agent 3.
Running training on agent 4.
Running training on agent 5.
Running training on agent 6.
Running training on agent 7.
Running training on agent 8.
Running training on agent 9.
Current attacking agent is 0, coefficient is 2.

Joint model, Test set: Average loss: 388805781658953.3125, Accuracy: 9285/10000 (93%)

Running epoch 106 out of 150.
Running training on agent 0.
Running training on agent 1.
Running training on agent 2.
Running training on agent 3.
Running training on agent 4.
Running training on agent 5.
Running training on agent 6.
Running training on agent 7.
Running training on agent 8.
Running training on agent 9.
Current attacking agent is 0, coefficient is 2.

Joint model, Test set: Average loss: 569283683281168.0000, Accuracy: 9285/10000 (93%)

Running epoch 107 out of 150.
Running training on agent 0.
Running training on agent 1.
Running training on agent 2.
Running training on agent 3.
Running training on agent 4.
Running training on agent 5.
Running training on agent 6.
Running training on agent 7.
Running training on agent 8.
Running training on agent 9.
Current attacking agent is 0, coefficient is 2.

Joint model, Test set: Average loss: 833364729637791.3750, Accuracy: 9285/10000 (93%)

Running epoch 108 out of 150.
Running training on agent 0.
Running training on agent 1.
Running training on agent 2.
Running training on agent 3.
Running training on agent 4.
Running training on agent 5.
Running training on agent 6.
Running training on agent 7.
Running training on agent 8.
Running training on agent 9.
Current attacking agent is 0, coefficient is 2.

Joint model, Test set: Average loss: 1220208386411331.5000, Accuracy: 9285/10000 (93%)

Running epoch 109 out of 150.
Running training on agent 0.
Running training on agent 1.
Running training on agent 2.
Running training on agent 3.
Running training on agent 4.
Running training on agent 5.
Running training on agent 6.
Running training on agent 7.
Running training on agent 8.
Running training on agent 9.
Current attacking agent is 0, coefficient is 2.

Joint model, Test set: Average loss: 1786503425289512.5000, Accuracy: 9286/10000 (93%)

Running epoch 110 out of 150.
Running training on agent 0.
Running training on agent 1.
Running training on agent 2.
Running training on agent 3.
Running training on agent 4.
Running training on agent 5.
Running training on agent 6.
Running training on agent 7.
Running training on agent 8.
Running training on agent 9.
Current attacking agent is 0, coefficient is 2.

Joint model, Test set: Average loss: 2615519428384653.5000, Accuracy: 9285/10000 (93%)

Finished Running epoch 110, printing results dictionary to file.
Finished printing results dictionary to file after epoch 110.
Running epoch 111 out of 150.
Running training on agent 0.
Running training on agent 1.
Running training on agent 2.
Running training on agent 3.
Running training on agent 4.
Running training on agent 5.
Running training on agent 6.
Running training on agent 7.
Running training on agent 8.
Running training on agent 9.
Current attacking agent is 0, coefficient is 2.

Joint model, Test set: Average loss: 3829459883835103.5000, Accuracy: 9285/10000 (93%)

Running epoch 112 out of 150.
Running training on agent 0.
Running training on agent 1.
Running training on agent 2.
Running training on agent 3.
Running training on agent 4.
Running training on agent 5.
Running training on agent 6.
Running training on agent 7.
Running training on agent 8.
Running training on agent 9.
Current attacking agent is 0, coefficient is 2.

Joint model, Test set: Average loss: 5607025516541379.0000, Accuracy: 9285/10000 (93%)

Running epoch 113 out of 150.
Running training on agent 0.
Running training on agent 1.
Running training on agent 2.
Running training on agent 3.
Running training on agent 4.
Running training on agent 5.
Running training on agent 6.
Running training on agent 7.
Running training on agent 8.
Running training on agent 9.
Current attacking agent is 0, coefficient is 2.

Joint model, Test set: Average loss: 8208685971943090.0000, Accuracy: 9285/10000 (93%)

Running epoch 114 out of 150.
Running training on agent 0.
Running training on agent 1.
Running training on agent 2.
Running training on agent 3.
Running training on agent 4.
Running training on agent 5.
Running training on agent 6.
Running training on agent 7.
Running training on agent 8.
Running training on agent 9.
Current attacking agent is 0, coefficient is 2.

Joint model, Test set: Average loss: 12018936590495016.0000, Accuracy: 9285/10000 (93%)

Running epoch 115 out of 150.
Running training on agent 0.
Running training on agent 1.
Running training on agent 2.
Running training on agent 3.
Running training on agent 4.
Running training on agent 5.
Running training on agent 6.
Running training on agent 7.
Running training on agent 8.
Running training on agent 9.
Current attacking agent is 0, coefficient is 2.

Joint model, Test set: Average loss: 17595996182059732.0000, Accuracy: 9285/10000 (93%)

Running epoch 116 out of 150.
Running training on agent 0.
Running training on agent 1.
Running training on agent 2.
Running training on agent 3.
Running training on agent 4.
Running training on agent 5.
Running training on agent 6.
Running training on agent 7.
Running training on agent 8.
Running training on agent 9.
Current attacking agent is 0, coefficient is 2.

Joint model, Test set: Average loss: 25763697748126308.0000, Accuracy: 9285/10000 (93%)

Running epoch 117 out of 150.
Running training on agent 0.
Running training on agent 1.
Running training on agent 2.
Running training on agent 3.
Running training on agent 4.
Running training on agent 5.
Running training on agent 6.
Running training on agent 7.
Running training on agent 8.
Running training on agent 9.
Current attacking agent is 0, coefficient is 2.

Joint model, Test set: Average loss: 37720085156213664.0000, Accuracy: 9285/10000 (93%)

Running epoch 118 out of 150.
Running training on agent 0.
Running training on agent 1.
Running training on agent 2.
Running training on agent 3.
Running training on agent 4.
Running training on agent 5.
Running training on agent 6.
Running training on agent 7.
Running training on agent 8.
Running training on agent 9.
Current attacking agent is 0, coefficient is 2.

Joint model, Test set: Average loss: 55223799217402992.0000, Accuracy: 9285/10000 (93%)

Running epoch 119 out of 150.
Running training on agent 0.
Running training on agent 1.
Running training on agent 2.
Running training on agent 3.
Running training on agent 4.
Running training on agent 5.
Running training on agent 6.
Running training on agent 7.
Running training on agent 8.
Running training on agent 9.
Current attacking agent is 0, coefficient is 2.

Joint model, Test set: Average loss: 80858248713977248.0000, Accuracy: 9285/10000 (93%)

Running epoch 120 out of 150.
Running training on agent 0.
Running training on agent 1.
Running training on agent 2.
Running training on agent 3.
Running training on agent 4.
Running training on agent 5.
Running training on agent 6.
Running training on agent 7.
Running training on agent 8.
Running training on agent 9.
Current attacking agent is 0, coefficient is 2.

Joint model, Test set: Average loss: 118376885747796304.0000, Accuracy: 9285/10000 (93%)

Finished Running epoch 120, printing results dictionary to file.
Finished printing results dictionary to file after epoch 120.
Running epoch 121 out of 150.
Running training on agent 0.
Running training on agent 1.
Running training on agent 2.
Running training on agent 3.
Running training on agent 4.
Running training on agent 5.
Running training on agent 6.
Running training on agent 7.
Running training on agent 8.
Running training on agent 9.
Current attacking agent is 0, coefficient is 2.

Joint model, Test set: Average loss: 173321204062776768.0000, Accuracy: 9285/10000 (93%)

Running epoch 122 out of 150.
Running training on agent 0.
Running training on agent 1.
Running training on agent 2.
Running training on agent 3.
Running training on agent 4.
Running training on agent 5.
Running training on agent 6.
Running training on agent 7.
Running training on agent 8.
Running training on agent 9.
Current attacking agent is 0, coefficient is 2.

Joint model, Test set: Average loss: 253772110986551392.0000, Accuracy: 9285/10000 (93%)

Running epoch 123 out of 150.
Running training on agent 0.
Running training on agent 1.
Running training on agent 2.
Running training on agent 3.
Running training on agent 4.
Running training on agent 5.
Running training on agent 6.
Running training on agent 7.
Running training on agent 8.
Running training on agent 9.
Current attacking agent is 0, coefficient is 2.

Joint model, Test set: Average loss: 371545034117601024.0000, Accuracy: 9285/10000 (93%)

Running epoch 124 out of 150.
Running training on agent 0.
Running training on agent 1.
Running training on agent 2.
Running training on agent 3.
Running training on agent 4.
Running training on agent 5.
Running training on agent 6.
Running training on agent 7.
Running training on agent 8.
Running training on agent 9.
Current attacking agent is 0, coefficient is 2.

Joint model, Test set: Average loss: 543965423257099072.0000, Accuracy: 9285/10000 (93%)

Running epoch 125 out of 150.
Running training on agent 0.
Running training on agent 1.
Running training on agent 2.
Running training on agent 3.
Running training on agent 4.
Running training on agent 5.
Running training on agent 6.
Running training on agent 7.
Running training on agent 8.
Running training on agent 9.
Current attacking agent is 0, coefficient is 2.

Joint model, Test set: Average loss: 796412666712645504.0000, Accuracy: 9285/10000 (93%)

Running epoch 126 out of 150.
Running training on agent 0.
Running training on agent 1.
Running training on agent 2.
Running training on agent 3.
Running training on agent 4.
Running training on agent 5.
Running training on agent 6.
Running training on agent 7.
Running training on agent 8.
Running training on agent 9.
Current attacking agent is 0, coefficient is 2.

Joint model, Test set: Average loss: 1165976236621068544.0000, Accuracy: 9285/10000 (93%)

Running epoch 127 out of 150.
Running training on agent 0.
Running training on agent 1.
Running training on agent 2.
Running training on agent 3.
Running training on agent 4.
Running training on agent 5.
Running training on agent 6.
Running training on agent 7.
Running training on agent 8.
Running training on agent 9.
Current attacking agent is 0, coefficient is 2.

Joint model, Test set: Average loss: 1707195737779741184.0000, Accuracy: 9285/10000 (93%)

Running epoch 128 out of 150.
Running training on agent 0.
Running training on agent 1.
Running training on agent 2.
Running training on agent 3.
Running training on agent 4.
Running training on agent 5.
Running training on agent 6.
Running training on agent 7.
Running training on agent 8.
Running training on agent 9.
Current attacking agent is 0, coefficient is 2.

Joint model, Test set: Average loss: 2499420950521983488.0000, Accuracy: 9285/10000 (93%)

Running epoch 129 out of 150.
Running training on agent 0.
Running training on agent 1.
Running training on agent 2.
Running training on agent 3.
Running training on agent 4.
Running training on agent 5.
Running training on agent 6.
Running training on agent 7.
Running training on agent 8.
Running training on agent 9.
Current attacking agent is 0, coefficient is 2.

Joint model, Test set: Average loss: 3659443449546291200.0000, Accuracy: 9285/10000 (93%)

Running epoch 130 out of 150.
Running training on agent 0.
Running training on agent 1.
Running training on agent 2.
Running training on agent 3.
Running training on agent 4.
Running training on agent 5.
Running training on agent 6.
Running training on agent 7.
Running training on agent 8.
Running training on agent 9.
Current attacking agent is 0, coefficient is 2.

Joint model, Test set: Average loss: 5357903118842608640.0000, Accuracy: 9285/10000 (93%)

Finished Running epoch 130, printing results dictionary to file.
Finished printing results dictionary to file after epoch 130.
Running epoch 131 out of 150.
Running training on agent 0.
Running training on agent 1.
Running training on agent 2.
Running training on agent 3.
Running training on agent 4.
Running training on agent 5.
Running training on agent 6.
Running training on agent 7.
Running training on agent 8.
Running training on agent 9.
Current attacking agent is 0, coefficient is 2.

Joint model, Test set: Average loss: 7843936922439748608.0000, Accuracy: 9285/10000 (93%)

Running epoch 132 out of 150.
Running training on agent 0.
Running training on agent 1.
Running training on agent 2.
Running training on agent 3.
Running training on agent 4.
Running training on agent 5.
Running training on agent 6.
Running training on agent 7.
Running training on agent 8.
Running training on agent 9.
Current attacking agent is 0, coefficient is 2.

Joint model, Test set: Average loss: 11485514198199293952.0000, Accuracy: 9285/10000 (93%)

Running epoch 133 out of 150.
Running training on agent 0.
Running training on agent 1.
Running training on agent 2.
Running training on agent 3.
Running training on agent 4.
Running training on agent 5.
Running training on agent 6.
Running training on agent 7.
Running training on agent 8.
Running training on agent 9.
Current attacking agent is 0, coefficient is 2.

Joint model, Test set: Average loss: 16814604553263380480.0000, Accuracy: 9285/10000 (93%)

Running epoch 134 out of 150.
Running training on agent 0.
Running training on agent 1.
Running training on agent 2.
Running training on agent 3.
Running training on agent 4.
Running training on agent 5.
Running training on agent 6.
Running training on agent 7.
Running training on agent 8.
Running training on agent 9.
Current attacking agent is 0, coefficient is 2.

Joint model, Test set: Average loss: 24619445051797983232.0000, Accuracy: 9286/10000 (93%)

Running epoch 135 out of 150.
Running training on agent 0.
Running training on agent 1.
Running training on agent 2.
Running training on agent 3.
Running training on agent 4.
Running training on agent 5.
Running training on agent 6.
Running training on agent 7.
Running training on agent 8.
Running training on agent 9.
Current attacking agent is 0, coefficient is 2.

Joint model, Test set: Average loss: 36044518634903154688.0000, Accuracy: 9285/10000 (93%)

Running epoch 136 out of 150.
Running training on agent 0.
Running training on agent 1.
Running training on agent 2.
Running training on agent 3.
Running training on agent 4.
Running training on agent 5.
Running training on agent 6.
Running training on agent 7.
Running training on agent 8.
Running training on agent 9.
Current attacking agent is 0, coefficient is 2.

Joint model, Test set: Average loss: 52769694647415889920.0000, Accuracy: 9285/10000 (93%)

Running epoch 137 out of 150.
Running training on agent 0.
Running training on agent 1.
Running training on agent 2.
Running training on agent 3.
Running training on agent 4.
Running training on agent 5.
Running training on agent 6.
Running training on agent 7.
Running training on agent 8.
Running training on agent 9.
Current attacking agent is 0, coefficient is 2.

Joint model, Test set: Average loss: 77265626002453446656.0000, Accuracy: 9285/10000 (93%)

Running epoch 138 out of 150.
Running training on agent 0.
Running training on agent 1.
Running training on agent 2.
Running training on agent 3.
Running training on agent 4.
Running training on agent 5.
Running training on agent 6.
Running training on agent 7.
Running training on agent 8.
Running training on agent 9.
Current attacking agent is 0, coefficient is 2.

Joint model, Test set: Average loss: 113127115646340481024.0000, Accuracy: 9285/10000 (93%)

Running epoch 139 out of 150.
Running training on agent 0.
Running training on agent 1.
Running training on agent 2.
Running training on agent 3.
Running training on agent 4.
Running training on agent 5.
Running training on agent 6.
Running training on agent 7.
Running training on agent 8.
Running training on agent 9.
Current attacking agent is 0, coefficient is 2.

Joint model, Test set: Average loss: 165629053731870638080.0000, Accuracy: 9285/10000 (93%)

Running epoch 140 out of 150.
Running training on agent 0.
Running training on agent 1.
Running training on agent 2.
Running training on agent 3.
Running training on agent 4.
Running training on agent 5.
Running training on agent 6.
Running training on agent 7.
Running training on agent 8.
Running training on agent 9.
Current attacking agent is 0, coefficient is 2.

Joint model, Test set: Average loss: 242480988079753101312.0000, Accuracy: 9286/10000 (93%)

Finished Running epoch 140, printing results dictionary to file.
Finished printing results dictionary to file after epoch 140.
Running epoch 141 out of 150.
Running training on agent 0.
Running training on agent 1.
Running training on agent 2.
Running training on agent 3.
Running training on agent 4.
Running training on agent 5.
Running training on agent 6.
Running training on agent 7.
Running training on agent 8.
Running training on agent 9.
Current attacking agent is 0, coefficient is 2.

Joint model, Test set: Average loss: 355053175133968596992.0000, Accuracy: 9285/10000 (93%)

Running epoch 142 out of 150.
Running training on agent 0.
Running training on agent 1.
Running training on agent 2.
Running training on agent 3.
Running training on agent 4.
Running training on agent 5.
Running training on agent 6.
Running training on agent 7.
Running training on agent 8.
Running training on agent 9.
Current attacking agent is 0, coefficient is 2.

Joint model, Test set: Average loss: 519825353284177428480.0000, Accuracy: 9285/10000 (93%)

Running epoch 143 out of 150.
Running training on agent 0.
Running training on agent 1.
Running training on agent 2.
Running training on agent 3.
Running training on agent 4.
Running training on agent 5.
Running training on agent 6.
Running training on agent 7.
Running training on agent 8.
Running training on agent 9.
Current attacking agent is 0, coefficient is 2.

Joint model, Test set: Average loss: 761038941959675576320.0000, Accuracy: 9285/10000 (93%)

Running epoch 144 out of 150.
Running training on agent 0.
Running training on agent 1.
Running training on agent 2.
Running training on agent 3.
Running training on agent 4.
Running training on agent 5.
Running training on agent 6.
Running training on agent 7.
Running training on agent 8.
Running training on agent 9.
Current attacking agent is 0, coefficient is 2.

Joint model, Test set: Average loss: 1114241651057152360448.0000, Accuracy: 9285/10000 (93%)

Running epoch 145 out of 150.
Running training on agent 0.
Running training on agent 1.
Running training on agent 2.
Running training on agent 3.
Running training on agent 4.
Running training on agent 5.
Running training on agent 6.
Running training on agent 7.
Running training on agent 8.
Running training on agent 9.
Current attacking agent is 0, coefficient is 2.

Joint model, Test set: Average loss: 1631447094705622089728.0000, Accuracy: 9285/10000 (93%)

Running epoch 146 out of 150.
Running training on agent 0.
Running training on agent 1.
Running training on agent 2.
Running training on agent 3.
Running training on agent 4.
Running training on agent 5.
Running training on agent 6.
Running training on agent 7.
Running training on agent 8.
Running training on agent 9.
Current attacking agent is 0, coefficient is 2.

Joint model, Test set: Average loss: 2388559593146012925952.0000, Accuracy: 9286/10000 (93%)

Running epoch 147 out of 150.
Running training on agent 0.
Running training on agent 1.
Running training on agent 2.
Running training on agent 3.
Running training on agent 4.
Running training on agent 5.
Running training on agent 6.
Running training on agent 7.
Running training on agent 8.
Running training on agent 9.
Current attacking agent is 0, coefficient is 2.

Joint model, Test set: Average loss: 3497032875273722265600.0000, Accuracy: 9285/10000 (93%)

Running epoch 148 out of 150.
Running training on agent 0.
Running training on agent 1.
Running training on agent 2.
Running training on agent 3.
Running training on agent 4.
Running training on agent 5.
Running training on agent 6.
Running training on agent 7.
Running training on agent 8.
Running training on agent 9.
Current attacking agent is 0, coefficient is 2.

Joint model, Test set: Average loss: 5119912667924686438400.0000, Accuracy: 9285/10000 (93%)

Running epoch 149 out of 150.
Running training on agent 0.
Running training on agent 1.
Running training on agent 2.
Running training on agent 3.
Running training on agent 4.
Running training on agent 5.
Running training on agent 6.
Running training on agent 7.
Running training on agent 8.
Running training on agent 9.
Current attacking agent is 0, coefficient is 2.

Joint model, Test set: Average loss: 7496009583128426315776.0000, Accuracy: 9285/10000 (93%)

Running epoch 150 out of 150.
Running training on agent 0.
Running training on agent 1.
Running training on agent 2.
Running training on agent 3.
Running training on agent 4.
Running training on agent 5.
Running training on agent 6.
Running training on agent 7.
Running training on agent 8.
Running training on agent 9.
Current attacking agent is 0, coefficient is 2.

Joint model, Test set: Average loss: 10975032311290714390528.0000, Accuracy: 9285/10000 (93%)

Finished Running epoch 150, printing results dictionary to file.
Finished printing results dictionary to file after epoch 150.
