###############################################
Running experiment 45 out of 150
###############################################
Running epoch 1 out of 40.
Joint model, Test set: Average loss: 2.3022, Accuracy: 1009/10000 (10%)
Running epoch 2 out of 40.
Detected an attacker: 0
Joint model, Test set: Average loss: 2.3115, Accuracy: 1009/10000 (10%)
Running epoch 3 out of 40.
Joint model, Test set: Average loss: 2.3100, Accuracy: 1009/10000 (10%)
Running epoch 4 out of 40.
Joint model, Test set: Average loss: 2.3655, Accuracy: 1009/10000 (10%)
Running epoch 5 out of 40.
Joint model, Test set: Average loss: 2.3733, Accuracy: 1009/10000 (10%)
Running epoch 6 out of 40.
Joint model, Test set: Average loss: 2.3922, Accuracy: 1009/10000 (10%)
Running epoch 7 out of 40.
Joint model, Test set: Average loss: 2.4216, Accuracy: 1009/10000 (10%)
Running epoch 8 out of 40.
Joint model, Test set: Average loss: 2.3746, Accuracy: 1009/10000 (10%)
Running epoch 9 out of 40.
Joint model, Test set: Average loss: 2.2567, Accuracy: 1010/10000 (10%)
Running epoch 10 out of 40.
Joint model, Test set: Average loss: 2.1422, Accuracy: 1146/10000 (11%)
Finished Running epoch 10, printing results dictionary to file.
Finished printing results dictionary to file after epoch 10.
Running epoch 11 out of 40.
Joint model, Test set: Average loss: 2.0289, Accuracy: 1819/10000 (18%)
Running epoch 12 out of 40.
Joint model, Test set: Average loss: 1.9064, Accuracy: 2347/10000 (23%)
Running epoch 13 out of 40.
Joint model, Test set: Average loss: 1.8218, Accuracy: 2913/10000 (29%)
Running epoch 14 out of 40.
Joint model, Test set: Average loss: 1.7442, Accuracy: 3695/10000 (37%)
Running epoch 15 out of 40.
Joint model, Test set: Average loss: 1.6893, Accuracy: 4296/10000 (43%)
Running epoch 16 out of 40.
Joint model, Test set: Average loss: 1.6594, Accuracy: 4716/10000 (47%)
Running epoch 17 out of 40.
Joint model, Test set: Average loss: 1.6440, Accuracy: 4823/10000 (48%)
Running epoch 18 out of 40.
Joint model, Test set: Average loss: 1.6251, Accuracy: 5072/10000 (51%)
Running epoch 19 out of 40.
Joint model, Test set: Average loss: 1.6150, Accuracy: 5226/10000 (52%)
Running epoch 20 out of 40.
Joint model, Test set: Average loss: 1.6089, Accuracy: 5331/10000 (53%)
Finished Running epoch 20, printing results dictionary to file.
Finished printing results dictionary to file after epoch 20.
Running epoch 21 out of 40.
Joint model, Test set: Average loss: 1.6049, Accuracy: 5374/10000 (54%)
Running epoch 22 out of 40.
Joint model, Test set: Average loss: 1.6025, Accuracy: 5390/10000 (54%)
Running epoch 23 out of 40.
Joint model, Test set: Average loss: 1.6006, Accuracy: 5419/10000 (54%)
Running epoch 24 out of 40.
Joint model, Test set: Average loss: 1.5996, Accuracy: 5430/10000 (54%)
Running epoch 25 out of 40.
Joint model, Test set: Average loss: 1.5989, Accuracy: 5436/10000 (54%)
Running epoch 26 out of 40.
Joint model, Test set: Average loss: 1.5985, Accuracy: 5442/10000 (54%)
Running epoch 27 out of 40.
Joint model, Test set: Average loss: 1.5981, Accuracy: 5443/10000 (54%)
Running epoch 28 out of 40.
Joint model, Test set: Average loss: 1.5980, Accuracy: 5441/10000 (54%)
Running epoch 29 out of 40.
Joint model, Test set: Average loss: 1.5978, Accuracy: 5446/10000 (54%)
Running epoch 30 out of 40.
Joint model, Test set: Average loss: 1.5977, Accuracy: 5443/10000 (54%)
Finished Running epoch 30, printing results dictionary to file.
Finished printing results dictionary to file after epoch 30.
Running epoch 31 out of 40.
Joint model, Test set: Average loss: 1.5977, Accuracy: 5446/10000 (54%)
Running epoch 32 out of 40.
Joint model, Test set: Average loss: 1.5976, Accuracy: 5445/10000 (54%)
Running epoch 33 out of 40.
Joint model, Test set: Average loss: 1.5976, Accuracy: 5446/10000 (54%)
Running epoch 34 out of 40.
Joint model, Test set: Average loss: 1.5976, Accuracy: 5446/10000 (54%)
Running epoch 35 out of 40.
Joint model, Test set: Average loss: 1.5976, Accuracy: 5448/10000 (54%)
Running epoch 36 out of 40.
Joint model, Test set: Average loss: 1.5976, Accuracy: 5448/10000 (54%)
Running epoch 37 out of 40.
Joint model, Test set: Average loss: 1.5975, Accuracy: 5449/10000 (54%)
Running epoch 38 out of 40.
Joint model, Test set: Average loss: 1.5975, Accuracy: 5448/10000 (54%)
Running epoch 39 out of 40.
Joint model, Test set: Average loss: 1.5975, Accuracy: 5448/10000 (54%)
Running epoch 40 out of 40.
Joint model, Test set: Average loss: 1.5975, Accuracy: 5449/10000 (54%)
Finished Running epoch 40, printing results dictionary to file.
Finished printing results dictionary to file after epoch 40.
###############################################
Running experiment 46 out of 150
###############################################
Running epoch 1 out of 40.
Joint model, Test set: Average loss: 2.3015, Accuracy: 1685/10000 (17%)
Running epoch 2 out of 40.
Detected an attacker: 0
Joint model, Test set: Average loss: 2.3101, Accuracy: 1009/10000 (10%)
Running epoch 3 out of 40.
Joint model, Test set: Average loss: 2.3153, Accuracy: 1010/10000 (10%)
Running epoch 4 out of 40.
Joint model, Test set: Average loss: 2.3549, Accuracy: 1861/10000 (19%)
Running epoch 5 out of 40.
Joint model, Test set: Average loss: 2.3604, Accuracy: 1904/10000 (19%)
Running epoch 6 out of 40.
Joint model, Test set: Average loss: 2.3352, Accuracy: 2232/10000 (22%)
Running epoch 7 out of 40.
Joint model, Test set: Average loss: 2.3246, Accuracy: 1767/10000 (18%)
Running epoch 8 out of 40.
Joint model, Test set: Average loss: 2.1975, Accuracy: 2870/10000 (29%)
Running epoch 9 out of 40.
Joint model, Test set: Average loss: 1.9937, Accuracy: 3399/10000 (34%)
Running epoch 10 out of 40.
Joint model, Test set: Average loss: 1.8303, Accuracy: 4337/10000 (43%)
Finished Running epoch 10, printing results dictionary to file.
Finished printing results dictionary to file after epoch 10.
Running epoch 11 out of 40.
Joint model, Test set: Average loss: 1.6442, Accuracy: 4639/10000 (46%)
Running epoch 12 out of 40.
Joint model, Test set: Average loss: 1.5405, Accuracy: 5100/10000 (51%)
Running epoch 13 out of 40.
Joint model, Test set: Average loss: 1.4366, Accuracy: 5703/10000 (57%)
Running epoch 14 out of 40.
Joint model, Test set: Average loss: 1.3804, Accuracy: 5945/10000 (59%)
Running epoch 15 out of 40.
Joint model, Test set: Average loss: 1.3317, Accuracy: 6049/10000 (60%)
Running epoch 16 out of 40.
Joint model, Test set: Average loss: 1.3088, Accuracy: 6069/10000 (61%)
Running epoch 17 out of 40.
Joint model, Test set: Average loss: 1.2859, Accuracy: 6157/10000 (62%)
Running epoch 18 out of 40.
Joint model, Test set: Average loss: 1.2772, Accuracy: 6181/10000 (62%)
Running epoch 19 out of 40.
Joint model, Test set: Average loss: 1.2673, Accuracy: 6210/10000 (62%)
Running epoch 20 out of 40.
Joint model, Test set: Average loss: 1.2630, Accuracy: 6249/10000 (62%)
Finished Running epoch 20, printing results dictionary to file.
Finished printing results dictionary to file after epoch 20.
Running epoch 21 out of 40.
Joint model, Test set: Average loss: 1.2600, Accuracy: 6245/10000 (62%)
Running epoch 22 out of 40.
Joint model, Test set: Average loss: 1.2594, Accuracy: 6251/10000 (63%)
Running epoch 23 out of 40.
Joint model, Test set: Average loss: 1.2589, Accuracy: 6259/10000 (63%)
Running epoch 24 out of 40.
Joint model, Test set: Average loss: 1.2587, Accuracy: 6253/10000 (63%)
Running epoch 25 out of 40.
Joint model, Test set: Average loss: 1.2586, Accuracy: 6246/10000 (62%)
Running epoch 26 out of 40.
Joint model, Test set: Average loss: 1.2586, Accuracy: 6247/10000 (62%)
Running epoch 27 out of 40.
Joint model, Test set: Average loss: 1.2584, Accuracy: 6251/10000 (63%)
Running epoch 28 out of 40.
Joint model, Test set: Average loss: 1.2584, Accuracy: 6248/10000 (62%)
Running epoch 29 out of 40.
Joint model, Test set: Average loss: 1.2584, Accuracy: 6248/10000 (62%)
Running epoch 30 out of 40.
Joint model, Test set: Average loss: 1.2584, Accuracy: 6250/10000 (62%)
Finished Running epoch 30, printing results dictionary to file.
Finished printing results dictionary to file after epoch 30.
Running epoch 31 out of 40.
Joint model, Test set: Average loss: 1.2584, Accuracy: 6250/10000 (62%)
Running epoch 32 out of 40.
Joint model, Test set: Average loss: 1.2583, Accuracy: 6248/10000 (62%)
Running epoch 33 out of 40.
Joint model, Test set: Average loss: 1.2583, Accuracy: 6248/10000 (62%)
Running epoch 34 out of 40.
Joint model, Test set: Average loss: 1.2583, Accuracy: 6247/10000 (62%)
Running epoch 35 out of 40.
Joint model, Test set: Average loss: 1.2583, Accuracy: 6247/10000 (62%)
Running epoch 36 out of 40.
Joint model, Test set: Average loss: 1.2583, Accuracy: 6247/10000 (62%)
Running epoch 37 out of 40.
Joint model, Test set: Average loss: 1.2583, Accuracy: 6248/10000 (62%)
Running epoch 38 out of 40.
Joint model, Test set: Average loss: 1.2583, Accuracy: 6248/10000 (62%)
Running epoch 39 out of 40.
Joint model, Test set: Average loss: 1.2583, Accuracy: 6249/10000 (62%)
Running epoch 40 out of 40.
Joint model, Test set: Average loss: 1.2584, Accuracy: 6249/10000 (62%)
Finished Running epoch 40, printing results dictionary to file.
Finished printing results dictionary to file after epoch 40.
###############################################
Running experiment 47 out of 150
###############################################
Running epoch 1 out of 40.
Joint model, Test set: Average loss: 2.3024, Accuracy: 1009/10000 (10%)
Running epoch 2 out of 40.
Detected an attacker: 0
Joint model, Test set: Average loss: 2.3002, Accuracy: 1028/10000 (10%)
Running epoch 3 out of 40.
Joint model, Test set: Average loss: 2.3114, Accuracy: 1028/10000 (10%)
Running epoch 4 out of 40.
Joint model, Test set: Average loss: 2.3057, Accuracy: 1398/10000 (14%)
Running epoch 5 out of 40.
Joint model, Test set: Average loss: 2.3028, Accuracy: 1360/10000 (14%)
Running epoch 6 out of 40.
Joint model, Test set: Average loss: 2.2370, Accuracy: 2521/10000 (25%)
Running epoch 7 out of 40.
Joint model, Test set: Average loss: 2.1759, Accuracy: 2675/10000 (27%)
Running epoch 8 out of 40.
Joint model, Test set: Average loss: 2.0353, Accuracy: 3933/10000 (39%)
Running epoch 9 out of 40.
Joint model, Test set: Average loss: 1.9097, Accuracy: 4294/10000 (43%)
Running epoch 10 out of 40.
Joint model, Test set: Average loss: 1.8117, Accuracy: 4767/10000 (48%)
Finished Running epoch 10, printing results dictionary to file.
Finished printing results dictionary to file after epoch 10.
Running epoch 11 out of 40.
Joint model, Test set: Average loss: 1.7054, Accuracy: 4825/10000 (48%)
Running epoch 12 out of 40.
Joint model, Test set: Average loss: 1.6155, Accuracy: 5217/10000 (52%)
Running epoch 13 out of 40.
Joint model, Test set: Average loss: 1.5422, Accuracy: 5463/10000 (55%)
Running epoch 14 out of 40.
Joint model, Test set: Average loss: 1.4815, Accuracy: 5817/10000 (58%)
Running epoch 15 out of 40.
Joint model, Test set: Average loss: 1.4471, Accuracy: 5957/10000 (60%)
Running epoch 16 out of 40.
Joint model, Test set: Average loss: 1.4159, Accuracy: 6061/10000 (61%)
Running epoch 17 out of 40.
Joint model, Test set: Average loss: 1.3997, Accuracy: 6080/10000 (61%)
Running epoch 18 out of 40.
Joint model, Test set: Average loss: 1.3863, Accuracy: 6173/10000 (62%)
Running epoch 19 out of 40.
Joint model, Test set: Average loss: 1.3811, Accuracy: 6139/10000 (61%)
Running epoch 20 out of 40.
Joint model, Test set: Average loss: 1.3774, Accuracy: 6111/10000 (61%)
Finished Running epoch 20, printing results dictionary to file.
Finished printing results dictionary to file after epoch 20.
Running epoch 21 out of 40.
Joint model, Test set: Average loss: 1.3746, Accuracy: 6104/10000 (61%)
Running epoch 22 out of 40.
Joint model, Test set: Average loss: 1.3742, Accuracy: 6099/10000 (61%)
Running epoch 23 out of 40.
Joint model, Test set: Average loss: 1.3737, Accuracy: 6095/10000 (61%)
Running epoch 24 out of 40.
Joint model, Test set: Average loss: 1.3730, Accuracy: 6097/10000 (61%)
Running epoch 25 out of 40.
Joint model, Test set: Average loss: 1.3726, Accuracy: 6091/10000 (61%)
Running epoch 26 out of 40.
Joint model, Test set: Average loss: 1.3725, Accuracy: 6088/10000 (61%)
Running epoch 27 out of 40.
Joint model, Test set: Average loss: 1.3724, Accuracy: 6092/10000 (61%)
Running epoch 28 out of 40.
Joint model, Test set: Average loss: 1.3723, Accuracy: 6094/10000 (61%)
Running epoch 29 out of 40.
Joint model, Test set: Average loss: 1.3723, Accuracy: 6101/10000 (61%)
Running epoch 30 out of 40.
Joint model, Test set: Average loss: 1.3723, Accuracy: 6099/10000 (61%)
Finished Running epoch 30, printing results dictionary to file.
Finished printing results dictionary to file after epoch 30.
Running epoch 31 out of 40.
Joint model, Test set: Average loss: 1.3722, Accuracy: 6100/10000 (61%)
Running epoch 32 out of 40.
Joint model, Test set: Average loss: 1.3722, Accuracy: 6100/10000 (61%)
Running epoch 33 out of 40.
Joint model, Test set: Average loss: 1.3722, Accuracy: 6101/10000 (61%)
Running epoch 34 out of 40.
Joint model, Test set: Average loss: 1.3723, Accuracy: 6100/10000 (61%)
Running epoch 35 out of 40.
Joint model, Test set: Average loss: 1.3723, Accuracy: 6101/10000 (61%)
Running epoch 36 out of 40.
Joint model, Test set: Average loss: 1.3723, Accuracy: 6101/10000 (61%)
Running epoch 37 out of 40.
Joint model, Test set: Average loss: 1.3723, Accuracy: 6101/10000 (61%)
Running epoch 38 out of 40.
Joint model, Test set: Average loss: 1.3723, Accuracy: 6101/10000 (61%)
Running epoch 39 out of 40.
Joint model, Test set: Average loss: 1.3723, Accuracy: 6101/10000 (61%)
Running epoch 40 out of 40.
Joint model, Test set: Average loss: 1.3723, Accuracy: 6101/10000 (61%)
Finished Running epoch 40, printing results dictionary to file.
Finished printing results dictionary to file after epoch 40.
###############################################
Running experiment 48 out of 150
###############################################
Running epoch 1 out of 40.
Joint model, Test set: Average loss: 2.3026, Accuracy: 1063/10000 (11%)
Running epoch 2 out of 40.
Detected an attacker: 0
Joint model, Test set: Average loss: 2.3089, Accuracy: 1028/10000 (10%)
Running epoch 3 out of 40.
Joint model, Test set: Average loss: 2.2988, Accuracy: 1390/10000 (14%)
Running epoch 4 out of 40.
Joint model, Test set: Average loss: 2.3063, Accuracy: 1325/10000 (13%)
Running epoch 5 out of 40.
Joint model, Test set: Average loss: 2.3126, Accuracy: 1042/10000 (10%)
Running epoch 6 out of 40.
Joint model, Test set: Average loss: 2.3176, Accuracy: 1054/10000 (11%)
Running epoch 7 out of 40.
Joint model, Test set: Average loss: 2.2852, Accuracy: 1059/10000 (11%)
Running epoch 8 out of 40.
Joint model, Test set: Average loss: 2.1805, Accuracy: 1119/10000 (11%)
Running epoch 9 out of 40.
Joint model, Test set: Average loss: 2.0670, Accuracy: 1561/10000 (16%)
Running epoch 10 out of 40.
Joint model, Test set: Average loss: 1.9652, Accuracy: 2484/10000 (25%)
Finished Running epoch 10, printing results dictionary to file.
Finished printing results dictionary to file after epoch 10.
Running epoch 11 out of 40.
Joint model, Test set: Average loss: 1.8545, Accuracy: 3730/10000 (37%)
Running epoch 12 out of 40.
Joint model, Test set: Average loss: 1.7671, Accuracy: 4350/10000 (44%)
Running epoch 13 out of 40.
Joint model, Test set: Average loss: 1.6952, Accuracy: 5103/10000 (51%)
Running epoch 14 out of 40.
Joint model, Test set: Average loss: 1.6485, Accuracy: 5417/10000 (54%)
Running epoch 15 out of 40.
Joint model, Test set: Average loss: 1.6050, Accuracy: 5560/10000 (56%)
Running epoch 16 out of 40.
Joint model, Test set: Average loss: 1.5717, Accuracy: 5804/10000 (58%)
Running epoch 17 out of 40.
Joint model, Test set: Average loss: 1.5501, Accuracy: 5856/10000 (59%)
Running epoch 18 out of 40.
Joint model, Test set: Average loss: 1.5378, Accuracy: 6002/10000 (60%)
Running epoch 19 out of 40.
Joint model, Test set: Average loss: 1.5283, Accuracy: 6002/10000 (60%)
Running epoch 20 out of 40.
Joint model, Test set: Average loss: 1.5217, Accuracy: 6010/10000 (60%)
Finished Running epoch 20, printing results dictionary to file.
Finished printing results dictionary to file after epoch 20.
Running epoch 21 out of 40.
Joint model, Test set: Average loss: 1.5172, Accuracy: 6030/10000 (60%)
Running epoch 22 out of 40.
Joint model, Test set: Average loss: 1.5144, Accuracy: 6038/10000 (60%)
Running epoch 23 out of 40.
Joint model, Test set: Average loss: 1.5124, Accuracy: 6050/10000 (60%)
Running epoch 24 out of 40.
Joint model, Test set: Average loss: 1.5111, Accuracy: 6055/10000 (61%)
Running epoch 25 out of 40.
Joint model, Test set: Average loss: 1.5102, Accuracy: 6050/10000 (60%)
Running epoch 26 out of 40.
Joint model, Test set: Average loss: 1.5096, Accuracy: 6052/10000 (61%)
Running epoch 27 out of 40.
Joint model, Test set: Average loss: 1.5092, Accuracy: 6049/10000 (60%)
Running epoch 28 out of 40.
Joint model, Test set: Average loss: 1.5089, Accuracy: 6049/10000 (60%)
Running epoch 29 out of 40.
Joint model, Test set: Average loss: 1.5087, Accuracy: 6051/10000 (61%)
Running epoch 30 out of 40.
Joint model, Test set: Average loss: 1.5086, Accuracy: 6051/10000 (61%)
Finished Running epoch 30, printing results dictionary to file.
Finished printing results dictionary to file after epoch 30.
Running epoch 31 out of 40.
Joint model, Test set: Average loss: 1.5085, Accuracy: 6052/10000 (61%)
Running epoch 32 out of 40.
Joint model, Test set: Average loss: 1.5084, Accuracy: 6052/10000 (61%)
Running epoch 33 out of 40.
Joint model, Test set: Average loss: 1.5084, Accuracy: 6050/10000 (60%)
Running epoch 34 out of 40.
Joint model, Test set: Average loss: 1.5084, Accuracy: 6051/10000 (61%)
Running epoch 35 out of 40.
Joint model, Test set: Average loss: 1.5083, Accuracy: 6050/10000 (60%)
Running epoch 36 out of 40.
Joint model, Test set: Average loss: 1.5083, Accuracy: 6050/10000 (60%)
Running epoch 37 out of 40.
Joint model, Test set: Average loss: 1.5083, Accuracy: 6050/10000 (60%)
Running epoch 38 out of 40.
Joint model, Test set: Average loss: 1.5083, Accuracy: 6050/10000 (60%)
Running epoch 39 out of 40.
Joint model, Test set: Average loss: 1.5083, Accuracy: 6050/10000 (60%)
Running epoch 40 out of 40.
Joint model, Test set: Average loss: 1.5083, Accuracy: 6050/10000 (60%)
Finished Running epoch 40, printing results dictionary to file.
Finished printing results dictionary to file after epoch 40.
###############################################
Running experiment 49 out of 150
###############################################
Running epoch 1 out of 40.
Joint model, Test set: Average loss: 2.3027, Accuracy: 1009/10000 (10%)
Running epoch 2 out of 40.
Joint model, Test set: Average loss: 2.3438, Accuracy: 1009/10000 (10%)
Running epoch 3 out of 40.
Joint model, Test set: Average loss: 2.3373, Accuracy: 1009/10000 (10%)
Running epoch 4 out of 40.
Detected an attacker: 0
Joint model, Test set: Average loss: 2.3810, Accuracy: 1009/10000 (10%)
Running epoch 5 out of 40.
Joint model, Test set: Average loss: 2.4557, Accuracy: 1009/10000 (10%)
Running epoch 6 out of 40.
Joint model, Test set: Average loss: 2.6080, Accuracy: 1009/10000 (10%)
Running epoch 7 out of 40.
Joint model, Test set: Average loss: 2.5599, Accuracy: 1009/10000 (10%)
Running epoch 8 out of 40.
Joint model, Test set: Average loss: 2.4393, Accuracy: 1009/10000 (10%)
Running epoch 9 out of 40.
Joint model, Test set: Average loss: 2.2987, Accuracy: 1040/10000 (10%)
Running epoch 10 out of 40.
Joint model, Test set: Average loss: 2.1027, Accuracy: 1857/10000 (19%)
Finished Running epoch 10, printing results dictionary to file.
Finished printing results dictionary to file after epoch 10.
Running epoch 11 out of 40.
Joint model, Test set: Average loss: 1.8864, Accuracy: 2391/10000 (24%)
Running epoch 12 out of 40.
Joint model, Test set: Average loss: 1.7294, Accuracy: 3417/10000 (34%)
Running epoch 13 out of 40.
Joint model, Test set: Average loss: 1.6580, Accuracy: 3676/10000 (37%)
Running epoch 14 out of 40.
Joint model, Test set: Average loss: 1.5752, Accuracy: 4358/10000 (44%)
Running epoch 15 out of 40.
Joint model, Test set: Average loss: 1.5132, Accuracy: 4931/10000 (49%)
Running epoch 16 out of 40.
Joint model, Test set: Average loss: 1.4761, Accuracy: 5301/10000 (53%)
Running epoch 17 out of 40.
Joint model, Test set: Average loss: 1.4529, Accuracy: 5429/10000 (54%)
Running epoch 18 out of 40.
Joint model, Test set: Average loss: 1.4383, Accuracy: 5559/10000 (56%)
Running epoch 19 out of 40.
Joint model, Test set: Average loss: 1.4281, Accuracy: 5618/10000 (56%)
Running epoch 20 out of 40.
Joint model, Test set: Average loss: 1.4228, Accuracy: 5709/10000 (57%)
Finished Running epoch 20, printing results dictionary to file.
Finished printing results dictionary to file after epoch 20.
Running epoch 21 out of 40.
Joint model, Test set: Average loss: 1.4199, Accuracy: 5800/10000 (58%)
Running epoch 22 out of 40.
Joint model, Test set: Average loss: 1.4177, Accuracy: 5815/10000 (58%)
Running epoch 23 out of 40.
Joint model, Test set: Average loss: 1.4166, Accuracy: 5838/10000 (58%)
Running epoch 24 out of 40.
Joint model, Test set: Average loss: 1.4156, Accuracy: 5856/10000 (59%)
Running epoch 25 out of 40.
Joint model, Test set: Average loss: 1.4151, Accuracy: 5862/10000 (59%)
Running epoch 26 out of 40.
Joint model, Test set: Average loss: 1.4147, Accuracy: 5868/10000 (59%)
Running epoch 27 out of 40.
Joint model, Test set: Average loss: 1.4145, Accuracy: 5877/10000 (59%)
Running epoch 28 out of 40.
Joint model, Test set: Average loss: 1.4144, Accuracy: 5880/10000 (59%)
Running epoch 29 out of 40.
Joint model, Test set: Average loss: 1.4144, Accuracy: 5879/10000 (59%)
Running epoch 30 out of 40.
Joint model, Test set: Average loss: 1.4143, Accuracy: 5881/10000 (59%)
Finished Running epoch 30, printing results dictionary to file.
Finished printing results dictionary to file after epoch 30.
Running epoch 31 out of 40.
Joint model, Test set: Average loss: 1.4143, Accuracy: 5880/10000 (59%)
Running epoch 32 out of 40.
Joint model, Test set: Average loss: 1.4143, Accuracy: 5884/10000 (59%)
Running epoch 33 out of 40.
Joint model, Test set: Average loss: 1.4143, Accuracy: 5886/10000 (59%)
Running epoch 34 out of 40.
Joint model, Test set: Average loss: 1.4142, Accuracy: 5886/10000 (59%)
Running epoch 35 out of 40.
Joint model, Test set: Average loss: 1.4142, Accuracy: 5886/10000 (59%)
Running epoch 36 out of 40.
Joint model, Test set: Average loss: 1.4142, Accuracy: 5887/10000 (59%)
Running epoch 37 out of 40.
Joint model, Test set: Average loss: 1.4142, Accuracy: 5887/10000 (59%)
Running epoch 38 out of 40.
Joint model, Test set: Average loss: 1.4142, Accuracy: 5887/10000 (59%)
Running epoch 39 out of 40.
Joint model, Test set: Average loss: 1.4142, Accuracy: 5887/10000 (59%)
Running epoch 40 out of 40.
Joint model, Test set: Average loss: 1.4142, Accuracy: 5887/10000 (59%)
Finished Running epoch 40, printing results dictionary to file.
Finished printing results dictionary to file after epoch 40.
###############################################
Running experiment 50 out of 150
###############################################
Running epoch 1 out of 40.
Joint model, Test set: Average loss: 2.3024, Accuracy: 1009/10000 (10%)
Running epoch 2 out of 40.
Detected an attacker: 0
Joint model, Test set: Average loss: 2.3030, Accuracy: 1028/10000 (10%)
Running epoch 3 out of 40.
Joint model, Test set: Average loss: 2.2995, Accuracy: 1009/10000 (10%)
Running epoch 4 out of 40.
Joint model, Test set: Average loss: 2.2859, Accuracy: 1835/10000 (18%)
Running epoch 5 out of 40.
Joint model, Test set: Average loss: 2.2905, Accuracy: 1009/10000 (10%)
Running epoch 6 out of 40.
Joint model, Test set: Average loss: 2.2867, Accuracy: 1009/10000 (10%)
Running epoch 7 out of 40.
Joint model, Test set: Average loss: 2.2821, Accuracy: 1183/10000 (12%)
Running epoch 8 out of 40.
Joint model, Test set: Average loss: 2.2032, Accuracy: 1429/10000 (14%)
Running epoch 9 out of 40.
Joint model, Test set: Average loss: 2.1094, Accuracy: 1792/10000 (18%)
Running epoch 10 out of 40.
Joint model, Test set: Average loss: 2.0143, Accuracy: 2373/10000 (24%)
Finished Running epoch 10, printing results dictionary to file.
Finished printing results dictionary to file after epoch 10.
Running epoch 11 out of 40.
Joint model, Test set: Average loss: 1.9321, Accuracy: 2648/10000 (26%)
Running epoch 12 out of 40.
Joint model, Test set: Average loss: 1.8482, Accuracy: 3108/10000 (31%)
Running epoch 13 out of 40.
Joint model, Test set: Average loss: 1.7816, Accuracy: 3636/10000 (36%)
Running epoch 14 out of 40.
Joint model, Test set: Average loss: 1.7361, Accuracy: 3980/10000 (40%)
Running epoch 15 out of 40.
Joint model, Test set: Average loss: 1.6936, Accuracy: 4373/10000 (44%)
Running epoch 16 out of 40.
Joint model, Test set: Average loss: 1.6665, Accuracy: 4613/10000 (46%)
Running epoch 17 out of 40.
Joint model, Test set: Average loss: 1.6472, Accuracy: 4835/10000 (48%)
Running epoch 18 out of 40.
Joint model, Test set: Average loss: 1.6329, Accuracy: 5007/10000 (50%)
Running epoch 19 out of 40.
Joint model, Test set: Average loss: 1.6256, Accuracy: 5070/10000 (51%)
Running epoch 20 out of 40.
Joint model, Test set: Average loss: 1.6211, Accuracy: 5131/10000 (51%)
Finished Running epoch 20, printing results dictionary to file.
Finished printing results dictionary to file after epoch 20.
Running epoch 21 out of 40.
Joint model, Test set: Average loss: 1.6175, Accuracy: 5163/10000 (52%)
Running epoch 22 out of 40.
Joint model, Test set: Average loss: 1.6160, Accuracy: 5195/10000 (52%)
Running epoch 23 out of 40.
Joint model, Test set: Average loss: 1.6149, Accuracy: 5170/10000 (52%)
Running epoch 24 out of 40.
Joint model, Test set: Average loss: 1.6140, Accuracy: 5171/10000 (52%)
Running epoch 25 out of 40.
Joint model, Test set: Average loss: 1.6136, Accuracy: 5172/10000 (52%)
Running epoch 26 out of 40.
Joint model, Test set: Average loss: 1.6132, Accuracy: 5177/10000 (52%)
Running epoch 27 out of 40.
Joint model, Test set: Average loss: 1.6128, Accuracy: 5181/10000 (52%)
Running epoch 28 out of 40.
Joint model, Test set: Average loss: 1.6128, Accuracy: 5186/10000 (52%)
Running epoch 29 out of 40.
Joint model, Test set: Average loss: 1.6128, Accuracy: 5189/10000 (52%)
Running epoch 30 out of 40.
Joint model, Test set: Average loss: 1.6127, Accuracy: 5186/10000 (52%)
Finished Running epoch 30, printing results dictionary to file.
Finished printing results dictionary to file after epoch 30.
Running epoch 31 out of 40.
Joint model, Test set: Average loss: 1.6126, Accuracy: 5188/10000 (52%)
Running epoch 32 out of 40.
Joint model, Test set: Average loss: 1.6126, Accuracy: 5188/10000 (52%)
Running epoch 33 out of 40.
Joint model, Test set: Average loss: 1.6126, Accuracy: 5191/10000 (52%)
Running epoch 34 out of 40.
Joint model, Test set: Average loss: 1.6126, Accuracy: 5192/10000 (52%)
Running epoch 35 out of 40.
Joint model, Test set: Average loss: 1.6126, Accuracy: 5191/10000 (52%)
Running epoch 36 out of 40.
Joint model, Test set: Average loss: 1.6126, Accuracy: 5190/10000 (52%)
Running epoch 37 out of 40.
Joint model, Test set: Average loss: 1.6126, Accuracy: 5190/10000 (52%)
Running epoch 38 out of 40.
Joint model, Test set: Average loss: 1.6126, Accuracy: 5190/10000 (52%)
Running epoch 39 out of 40.
Joint model, Test set: Average loss: 1.6126, Accuracy: 5190/10000 (52%)
Running epoch 40 out of 40.
Joint model, Test set: Average loss: 1.6126, Accuracy: 5190/10000 (52%)
Finished Running epoch 40, printing results dictionary to file.
Finished printing results dictionary to file after epoch 40.
###############################################
Running experiment 51 out of 150
###############################################
Running epoch 1 out of 40.
Joint model, Test set: Average loss: 2.3024, Accuracy: 1009/10000 (10%)
Running epoch 2 out of 40.
Detected an attacker: 0
Joint model, Test set: Average loss: 2.3099, Accuracy: 1009/10000 (10%)
Running epoch 3 out of 40.
Joint model, Test set: Average loss: 2.3217, Accuracy: 1057/10000 (11%)
Running epoch 4 out of 40.
Joint model, Test set: Average loss: 2.3986, Accuracy: 1009/10000 (10%)
Running epoch 5 out of 40.
Joint model, Test set: Average loss: 2.4324, Accuracy: 1009/10000 (10%)
Running epoch 6 out of 40.
Joint model, Test set: Average loss: 2.3975, Accuracy: 1009/10000 (10%)
Running epoch 7 out of 40.
Joint model, Test set: Average loss: 2.3298, Accuracy: 1049/10000 (10%)
Running epoch 8 out of 40.
Joint model, Test set: Average loss: 2.2414, Accuracy: 1612/10000 (16%)
Running epoch 9 out of 40.
Joint model, Test set: Average loss: 2.0886, Accuracy: 2529/10000 (25%)
Running epoch 10 out of 40.
Joint model, Test set: Average loss: 1.9582, Accuracy: 3129/10000 (31%)
Finished Running epoch 10, printing results dictionary to file.
Finished printing results dictionary to file after epoch 10.
Running epoch 11 out of 40.
Joint model, Test set: Average loss: 1.8238, Accuracy: 3686/10000 (37%)
Running epoch 12 out of 40.
Joint model, Test set: Average loss: 1.6936, Accuracy: 4398/10000 (44%)
Running epoch 13 out of 40.
Joint model, Test set: Average loss: 1.5952, Accuracy: 5104/10000 (51%)
Running epoch 14 out of 40.
Joint model, Test set: Average loss: 1.5168, Accuracy: 5802/10000 (58%)
Running epoch 15 out of 40.
Joint model, Test set: Average loss: 1.4608, Accuracy: 6089/10000 (61%)
Running epoch 16 out of 40.
Joint model, Test set: Average loss: 1.4282, Accuracy: 6280/10000 (63%)
Running epoch 17 out of 40.
Joint model, Test set: Average loss: 1.4055, Accuracy: 6364/10000 (64%)
Running epoch 18 out of 40.
Joint model, Test set: Average loss: 1.3891, Accuracy: 6428/10000 (64%)
Running epoch 19 out of 40.
Joint model, Test set: Average loss: 1.3818, Accuracy: 6428/10000 (64%)
Running epoch 20 out of 40.
Joint model, Test set: Average loss: 1.3767, Accuracy: 6467/10000 (65%)
Finished Running epoch 20, printing results dictionary to file.
Finished printing results dictionary to file after epoch 20.
Running epoch 21 out of 40.
Joint model, Test set: Average loss: 1.3749, Accuracy: 6453/10000 (65%)
Running epoch 22 out of 40.
Joint model, Test set: Average loss: 1.3720, Accuracy: 6472/10000 (65%)
Running epoch 23 out of 40.
Joint model, Test set: Average loss: 1.3705, Accuracy: 6467/10000 (65%)
Running epoch 24 out of 40.
Joint model, Test set: Average loss: 1.3699, Accuracy: 6460/10000 (65%)
Running epoch 25 out of 40.
Joint model, Test set: Average loss: 1.3696, Accuracy: 6449/10000 (64%)
Running epoch 26 out of 40.
Joint model, Test set: Average loss: 1.3694, Accuracy: 6448/10000 (64%)
Running epoch 27 out of 40.
Joint model, Test set: Average loss: 1.3692, Accuracy: 6444/10000 (64%)
Running epoch 28 out of 40.
Joint model, Test set: Average loss: 1.3690, Accuracy: 6445/10000 (64%)
Running epoch 29 out of 40.
Joint model, Test set: Average loss: 1.3688, Accuracy: 6442/10000 (64%)
Running epoch 30 out of 40.
Joint model, Test set: Average loss: 1.3688, Accuracy: 6441/10000 (64%)
Finished Running epoch 30, printing results dictionary to file.
Finished printing results dictionary to file after epoch 30.
Running epoch 31 out of 40.
Joint model, Test set: Average loss: 1.3687, Accuracy: 6442/10000 (64%)
Running epoch 32 out of 40.
Joint model, Test set: Average loss: 1.3687, Accuracy: 6441/10000 (64%)
Running epoch 33 out of 40.
Joint model, Test set: Average loss: 1.3686, Accuracy: 6440/10000 (64%)
Running epoch 34 out of 40.
Joint model, Test set: Average loss: 1.3686, Accuracy: 6441/10000 (64%)
Running epoch 35 out of 40.
Joint model, Test set: Average loss: 1.3686, Accuracy: 6440/10000 (64%)
Running epoch 36 out of 40.
Joint model, Test set: Average loss: 1.3686, Accuracy: 6440/10000 (64%)
Running epoch 37 out of 40.
Joint model, Test set: Average loss: 1.3686, Accuracy: 6440/10000 (64%)
Running epoch 38 out of 40.
Joint model, Test set: Average loss: 1.3685, Accuracy: 6440/10000 (64%)
Running epoch 39 out of 40.
Joint model, Test set: Average loss: 1.3685, Accuracy: 6440/10000 (64%)
Running epoch 40 out of 40.
Joint model, Test set: Average loss: 1.3685, Accuracy: 6440/10000 (64%)
Finished Running epoch 40, printing results dictionary to file.
Finished printing results dictionary to file after epoch 40.
###############################################
Running experiment 52 out of 150
###############################################
Running epoch 1 out of 40.
Joint model, Test set: Average loss: 2.3023, Accuracy: 1009/10000 (10%)
Running epoch 2 out of 40.
Detected an attacker: 0
Joint model, Test set: Average loss: 2.3066, Accuracy: 1009/10000 (10%)
Running epoch 3 out of 40.
Joint model, Test set: Average loss: 2.3032, Accuracy: 1977/10000 (20%)
Running epoch 4 out of 40.
Joint model, Test set: Average loss: 2.2955, Accuracy: 1010/10000 (10%)
Running epoch 5 out of 40.
Joint model, Test set: Average loss: 2.2902, Accuracy: 1767/10000 (18%)
Running epoch 6 out of 40.
Joint model, Test set: Average loss: 2.2615, Accuracy: 1725/10000 (17%)
Running epoch 7 out of 40.
Joint model, Test set: Average loss: 2.2105, Accuracy: 2068/10000 (21%)
Running epoch 8 out of 40.
Joint model, Test set: Average loss: 2.1250, Accuracy: 2459/10000 (25%)
Running epoch 9 out of 40.
Joint model, Test set: Average loss: 1.9767, Accuracy: 2783/10000 (28%)
Running epoch 10 out of 40.
Joint model, Test set: Average loss: 1.8572, Accuracy: 3174/10000 (32%)
Finished Running epoch 10, printing results dictionary to file.
Finished printing results dictionary to file after epoch 10.
Running epoch 11 out of 40.
Joint model, Test set: Average loss: 1.7454, Accuracy: 4216/10000 (42%)
Running epoch 12 out of 40.
Joint model, Test set: Average loss: 1.6565, Accuracy: 4953/10000 (50%)
Running epoch 13 out of 40.
Joint model, Test set: Average loss: 1.5791, Accuracy: 5631/10000 (56%)
Running epoch 14 out of 40.
Joint model, Test set: Average loss: 1.5160, Accuracy: 6083/10000 (61%)
Running epoch 15 out of 40.
Joint model, Test set: Average loss: 1.4713, Accuracy: 6214/10000 (62%)
Running epoch 16 out of 40.
Joint model, Test set: Average loss: 1.4387, Accuracy: 6252/10000 (63%)
Running epoch 17 out of 40.
Joint model, Test set: Average loss: 1.4167, Accuracy: 6178/10000 (62%)
Running epoch 18 out of 40.
Joint model, Test set: Average loss: 1.4037, Accuracy: 6156/10000 (62%)
Running epoch 19 out of 40.
Joint model, Test set: Average loss: 1.3941, Accuracy: 6137/10000 (61%)
Running epoch 20 out of 40.
Joint model, Test set: Average loss: 1.3875, Accuracy: 6169/10000 (62%)
Finished Running epoch 20, printing results dictionary to file.
Finished printing results dictionary to file after epoch 20.
Running epoch 21 out of 40.
Joint model, Test set: Average loss: 1.3834, Accuracy: 6157/10000 (62%)
Running epoch 22 out of 40.
Joint model, Test set: Average loss: 1.3807, Accuracy: 6145/10000 (61%)
Running epoch 23 out of 40.
Joint model, Test set: Average loss: 1.3794, Accuracy: 6129/10000 (61%)
Running epoch 24 out of 40.
Joint model, Test set: Average loss: 1.3783, Accuracy: 6123/10000 (61%)
Running epoch 25 out of 40.
Joint model, Test set: Average loss: 1.3774, Accuracy: 6128/10000 (61%)
Running epoch 26 out of 40.
Joint model, Test set: Average loss: 1.3767, Accuracy: 6126/10000 (61%)
Running epoch 27 out of 40.
Joint model, Test set: Average loss: 1.3764, Accuracy: 6126/10000 (61%)
Running epoch 28 out of 40.
Joint model, Test set: Average loss: 1.3762, Accuracy: 6123/10000 (61%)
Running epoch 29 out of 40.
Joint model, Test set: Average loss: 1.3760, Accuracy: 6124/10000 (61%)
Running epoch 30 out of 40.
Joint model, Test set: Average loss: 1.3758, Accuracy: 6123/10000 (61%)
Finished Running epoch 30, printing results dictionary to file.
Finished printing results dictionary to file after epoch 30.
Running epoch 31 out of 40.
Joint model, Test set: Average loss: 1.3758, Accuracy: 6123/10000 (61%)
Running epoch 32 out of 40.
Joint model, Test set: Average loss: 1.3757, Accuracy: 6123/10000 (61%)
Running epoch 33 out of 40.
Joint model, Test set: Average loss: 1.3757, Accuracy: 6123/10000 (61%)
Running epoch 34 out of 40.
Joint model, Test set: Average loss: 1.3756, Accuracy: 6124/10000 (61%)
Running epoch 35 out of 40.
Joint model, Test set: Average loss: 1.3756, Accuracy: 6124/10000 (61%)
Running epoch 36 out of 40.
Joint model, Test set: Average loss: 1.3756, Accuracy: 6124/10000 (61%)
Running epoch 37 out of 40.
Joint model, Test set: Average loss: 1.3756, Accuracy: 6124/10000 (61%)
Running epoch 38 out of 40.
Joint model, Test set: Average loss: 1.3756, Accuracy: 6124/10000 (61%)
Running epoch 39 out of 40.
Joint model, Test set: Average loss: 1.3756, Accuracy: 6124/10000 (61%)
Running epoch 40 out of 40.
Joint model, Test set: Average loss: 1.3756, Accuracy: 6124/10000 (61%)
Finished Running epoch 40, printing results dictionary to file.
Finished printing results dictionary to file after epoch 40.
###############################################
Running experiment 53 out of 150
###############################################
Running epoch 1 out of 40.
Joint model, Test set: Average loss: 2.3025, Accuracy: 1306/10000 (13%)
Running epoch 2 out of 40.
Detected an attacker: 0
Joint model, Test set: Average loss: 2.3047, Accuracy: 1028/10000 (10%)
Running epoch 3 out of 40.
Joint model, Test set: Average loss: 2.3087, Accuracy: 1009/10000 (10%)
Running epoch 4 out of 40.
Joint model, Test set: Average loss: 2.2947, Accuracy: 1009/10000 (10%)
Running epoch 5 out of 40.
Joint model, Test set: Average loss: 2.3100, Accuracy: 1009/10000 (10%)
Running epoch 6 out of 40.
Joint model, Test set: Average loss: 2.2899, Accuracy: 1009/10000 (10%)
Running epoch 7 out of 40.
Joint model, Test set: Average loss: 2.2587, Accuracy: 1605/10000 (16%)
Running epoch 8 out of 40.
Joint model, Test set: Average loss: 2.1981, Accuracy: 1831/10000 (18%)
Running epoch 9 out of 40.
Joint model, Test set: Average loss: 2.0914, Accuracy: 2073/10000 (21%)
Running epoch 10 out of 40.
Joint model, Test set: Average loss: 1.9961, Accuracy: 2414/10000 (24%)
Finished Running epoch 10, printing results dictionary to file.
Finished printing results dictionary to file after epoch 10.
Running epoch 11 out of 40.
Joint model, Test set: Average loss: 1.8937, Accuracy: 3007/10000 (30%)
Running epoch 12 out of 40.
Joint model, Test set: Average loss: 1.8072, Accuracy: 3527/10000 (35%)
Running epoch 13 out of 40.
Joint model, Test set: Average loss: 1.7295, Accuracy: 4014/10000 (40%)
Running epoch 14 out of 40.
Joint model, Test set: Average loss: 1.6573, Accuracy: 4392/10000 (44%)
Running epoch 15 out of 40.
Joint model, Test set: Average loss: 1.6052, Accuracy: 4766/10000 (48%)
Running epoch 16 out of 40.
Joint model, Test set: Average loss: 1.5689, Accuracy: 4930/10000 (49%)
Running epoch 17 out of 40.
Joint model, Test set: Average loss: 1.5448, Accuracy: 5019/10000 (50%)
Running epoch 18 out of 40.
Joint model, Test set: Average loss: 1.5266, Accuracy: 5076/10000 (51%)
Running epoch 19 out of 40.
Joint model, Test set: Average loss: 1.5175, Accuracy: 5144/10000 (51%)
Running epoch 20 out of 40.
Joint model, Test set: Average loss: 1.5098, Accuracy: 5168/10000 (52%)
Finished Running epoch 20, printing results dictionary to file.
Finished printing results dictionary to file after epoch 20.
Running epoch 21 out of 40.
Joint model, Test set: Average loss: 1.5055, Accuracy: 5156/10000 (52%)
Running epoch 22 out of 40.
Joint model, Test set: Average loss: 1.5043, Accuracy: 5149/10000 (51%)
Running epoch 23 out of 40.
Joint model, Test set: Average loss: 1.5046, Accuracy: 5147/10000 (51%)
Running epoch 24 out of 40.
Joint model, Test set: Average loss: 1.5039, Accuracy: 5156/10000 (52%)
Running epoch 25 out of 40.
Joint model, Test set: Average loss: 1.5026, Accuracy: 5161/10000 (52%)
Running epoch 26 out of 40.
Joint model, Test set: Average loss: 1.5019, Accuracy: 5166/10000 (52%)
Running epoch 27 out of 40.
Joint model, Test set: Average loss: 1.5015, Accuracy: 5162/10000 (52%)
Running epoch 28 out of 40.
Joint model, Test set: Average loss: 1.5014, Accuracy: 5159/10000 (52%)
Running epoch 29 out of 40.
Joint model, Test set: Average loss: 1.5011, Accuracy: 5158/10000 (52%)
Running epoch 30 out of 40.
Joint model, Test set: Average loss: 1.5011, Accuracy: 5156/10000 (52%)
Finished Running epoch 30, printing results dictionary to file.
Finished printing results dictionary to file after epoch 30.
Running epoch 31 out of 40.
Joint model, Test set: Average loss: 1.5010, Accuracy: 5156/10000 (52%)
Running epoch 32 out of 40.
Joint model, Test set: Average loss: 1.5009, Accuracy: 5157/10000 (52%)
Running epoch 33 out of 40.
Joint model, Test set: Average loss: 1.5009, Accuracy: 5158/10000 (52%)
Running epoch 34 out of 40.
Joint model, Test set: Average loss: 1.5009, Accuracy: 5160/10000 (52%)
Running epoch 35 out of 40.
Joint model, Test set: Average loss: 1.5008, Accuracy: 5161/10000 (52%)
Running epoch 36 out of 40.
Joint model, Test set: Average loss: 1.5008, Accuracy: 5162/10000 (52%)
Running epoch 37 out of 40.
Joint model, Test set: Average loss: 1.5008, Accuracy: 5162/10000 (52%)
Running epoch 38 out of 40.
Joint model, Test set: Average loss: 1.5008, Accuracy: 5162/10000 (52%)
Running epoch 39 out of 40.
Joint model, Test set: Average loss: 1.5008, Accuracy: 5162/10000 (52%)
Running epoch 40 out of 40.
Joint model, Test set: Average loss: 1.5008, Accuracy: 5162/10000 (52%)
Finished Running epoch 40, printing results dictionary to file.
Finished printing results dictionary to file after epoch 40.
###############################################
Running experiment 54 out of 150
###############################################
Running epoch 1 out of 40.
Joint model, Test set: Average loss: 2.3021, Accuracy: 1009/10000 (10%)
Running epoch 2 out of 40.
Detected an attacker: 0
Joint model, Test set: Average loss: 2.3176, Accuracy: 1009/10000 (10%)
Running epoch 3 out of 40.
Joint model, Test set: Average loss: 2.3135, Accuracy: 1009/10000 (10%)
Running epoch 4 out of 40.
Joint model, Test set: Average loss: 2.3088, Accuracy: 1009/10000 (10%)
Running epoch 5 out of 40.
Joint model, Test set: Average loss: 2.3305, Accuracy: 1009/10000 (10%)
Running epoch 6 out of 40.
Joint model, Test set: Average loss: 2.3049, Accuracy: 1009/10000 (10%)
Running epoch 7 out of 40.
Joint model, Test set: Average loss: 2.2244, Accuracy: 1558/10000 (16%)
Running epoch 8 out of 40.
Joint model, Test set: Average loss: 2.0618, Accuracy: 1999/10000 (20%)
Running epoch 9 out of 40.
Joint model, Test set: Average loss: 1.8822, Accuracy: 2662/10000 (27%)
Running epoch 10 out of 40.
Joint model, Test set: Average loss: 1.7564, Accuracy: 3591/10000 (36%)
Finished Running epoch 10, printing results dictionary to file.
Finished printing results dictionary to file after epoch 10.
Running epoch 11 out of 40.
Joint model, Test set: Average loss: 1.5973, Accuracy: 5359/10000 (54%)
Running epoch 12 out of 40.
Joint model, Test set: Average loss: 1.5013, Accuracy: 5927/10000 (59%)
Running epoch 13 out of 40.
Joint model, Test set: Average loss: 1.4317, Accuracy: 6194/10000 (62%)
Running epoch 14 out of 40.
Joint model, Test set: Average loss: 1.3657, Accuracy: 6489/10000 (65%)
Running epoch 15 out of 40.
Joint model, Test set: Average loss: 1.3246, Accuracy: 6512/10000 (65%)
Running epoch 16 out of 40.
Joint model, Test set: Average loss: 1.2939, Accuracy: 6556/10000 (66%)
Running epoch 17 out of 40.
Joint model, Test set: Average loss: 1.2719, Accuracy: 6538/10000 (65%)
Running epoch 18 out of 40.
Joint model, Test set: Average loss: 1.2636, Accuracy: 6473/10000 (65%)
Running epoch 19 out of 40.
Joint model, Test set: Average loss: 1.2573, Accuracy: 6450/10000 (64%)
Running epoch 20 out of 40.
Joint model, Test set: Average loss: 1.2538, Accuracy: 6427/10000 (64%)
Finished Running epoch 20, printing results dictionary to file.
Finished printing results dictionary to file after epoch 20.
Running epoch 21 out of 40.
Joint model, Test set: Average loss: 1.2502, Accuracy: 6431/10000 (64%)
Running epoch 22 out of 40.
Joint model, Test set: Average loss: 1.2493, Accuracy: 6414/10000 (64%)
Running epoch 23 out of 40.
Joint model, Test set: Average loss: 1.2500, Accuracy: 6394/10000 (64%)
Running epoch 24 out of 40.
Joint model, Test set: Average loss: 1.2510, Accuracy: 6378/10000 (64%)
Running epoch 25 out of 40.
Joint model, Test set: Average loss: 1.2511, Accuracy: 6373/10000 (64%)
Running epoch 26 out of 40.
Joint model, Test set: Average loss: 1.2515, Accuracy: 6358/10000 (64%)
Running epoch 27 out of 40.
Joint model, Test set: Average loss: 1.2518, Accuracy: 6348/10000 (63%)
Running epoch 28 out of 40.
Joint model, Test set: Average loss: 1.2521, Accuracy: 6346/10000 (63%)
Running epoch 29 out of 40.
Joint model, Test set: Average loss: 1.2522, Accuracy: 6346/10000 (63%)
Running epoch 30 out of 40.
Joint model, Test set: Average loss: 1.2524, Accuracy: 6347/10000 (63%)
Finished Running epoch 30, printing results dictionary to file.
Finished printing results dictionary to file after epoch 30.
Running epoch 31 out of 40.
Joint model, Test set: Average loss: 1.2524, Accuracy: 6345/10000 (63%)
Running epoch 32 out of 40.
Joint model, Test set: Average loss: 1.2524, Accuracy: 6345/10000 (63%)
Running epoch 33 out of 40.
Joint model, Test set: Average loss: 1.2524, Accuracy: 6344/10000 (63%)
Running epoch 34 out of 40.
Joint model, Test set: Average loss: 1.2525, Accuracy: 6343/10000 (63%)
Running epoch 35 out of 40.
Joint model, Test set: Average loss: 1.2525, Accuracy: 6343/10000 (63%)
Running epoch 36 out of 40.
Joint model, Test set: Average loss: 1.2525, Accuracy: 6343/10000 (63%)
Running epoch 37 out of 40.
Joint model, Test set: Average loss: 1.2525, Accuracy: 6343/10000 (63%)
Running epoch 38 out of 40.
Joint model, Test set: Average loss: 1.2526, Accuracy: 6343/10000 (63%)
Running epoch 39 out of 40.
Joint model, Test set: Average loss: 1.2526, Accuracy: 6343/10000 (63%)
Running epoch 40 out of 40.
Joint model, Test set: Average loss: 1.2526, Accuracy: 6343/10000 (63%)
Finished Running epoch 40, printing results dictionary to file.
Finished printing results dictionary to file after epoch 40.
###############################################
Running experiment 55 out of 150
###############################################
Running epoch 1 out of 40.
Joint model, Test set: Average loss: 2.3016, Accuracy: 1009/10000 (10%)
Running epoch 2 out of 40.
Detected an attacker: 0
Joint model, Test set: Average loss: 2.3100, Accuracy: 1009/10000 (10%)
Running epoch 3 out of 40.
Joint model, Test set: Average loss: 2.3358, Accuracy: 1012/10000 (10%)
Running epoch 4 out of 40.
Joint model, Test set: Average loss: 2.3621, Accuracy: 1009/10000 (10%)
Running epoch 5 out of 40.
Joint model, Test set: Average loss: 2.3900, Accuracy: 1009/10000 (10%)
Running epoch 6 out of 40.
Joint model, Test set: Average loss: 2.4224, Accuracy: 1009/10000 (10%)
Running epoch 7 out of 40.
Joint model, Test set: Average loss: 2.3260, Accuracy: 1009/10000 (10%)
Running epoch 8 out of 40.
Joint model, Test set: Average loss: 2.1848, Accuracy: 1468/10000 (15%)
Running epoch 9 out of 40.
Joint model, Test set: Average loss: 2.0041, Accuracy: 2403/10000 (24%)
Running epoch 10 out of 40.
Joint model, Test set: Average loss: 1.8279, Accuracy: 3194/10000 (32%)
Finished Running epoch 10, printing results dictionary to file.
Finished printing results dictionary to file after epoch 10.
Running epoch 11 out of 40.
Joint model, Test set: Average loss: 1.6603, Accuracy: 4086/10000 (41%)
Running epoch 12 out of 40.
Joint model, Test set: Average loss: 1.5405, Accuracy: 4671/10000 (47%)
Running epoch 13 out of 40.
Joint model, Test set: Average loss: 1.4377, Accuracy: 5326/10000 (53%)
Running epoch 14 out of 40.
Joint model, Test set: Average loss: 1.3841, Accuracy: 5215/10000 (52%)
Running epoch 15 out of 40.
Joint model, Test set: Average loss: 1.3329, Accuracy: 5647/10000 (56%)
Running epoch 16 out of 40.
Joint model, Test set: Average loss: 1.3028, Accuracy: 5895/10000 (59%)
Running epoch 17 out of 40.
Joint model, Test set: Average loss: 1.2819, Accuracy: 6168/10000 (62%)
Running epoch 18 out of 40.
Joint model, Test set: Average loss: 1.2709, Accuracy: 6211/10000 (62%)
Running epoch 19 out of 40.
Joint model, Test set: Average loss: 1.2623, Accuracy: 6304/10000 (63%)
Running epoch 20 out of 40.
Joint model, Test set: Average loss: 1.2567, Accuracy: 6417/10000 (64%)
Finished Running epoch 20, printing results dictionary to file.
Finished printing results dictionary to file after epoch 20.
Running epoch 21 out of 40.
Joint model, Test set: Average loss: 1.2537, Accuracy: 6469/10000 (65%)
Running epoch 22 out of 40.
Joint model, Test set: Average loss: 1.2522, Accuracy: 6465/10000 (65%)
Running epoch 23 out of 40.
Joint model, Test set: Average loss: 1.2512, Accuracy: 6472/10000 (65%)
Running epoch 24 out of 40.
Joint model, Test set: Average loss: 1.2507, Accuracy: 6480/10000 (65%)
Running epoch 25 out of 40.
Joint model, Test set: Average loss: 1.2500, Accuracy: 6495/10000 (65%)
Running epoch 26 out of 40.
Joint model, Test set: Average loss: 1.2498, Accuracy: 6492/10000 (65%)
Running epoch 27 out of 40.
Joint model, Test set: Average loss: 1.2497, Accuracy: 6492/10000 (65%)
Running epoch 28 out of 40.
Joint model, Test set: Average loss: 1.2495, Accuracy: 6493/10000 (65%)
Running epoch 29 out of 40.
Joint model, Test set: Average loss: 1.2494, Accuracy: 6493/10000 (65%)
Running epoch 30 out of 40.
Joint model, Test set: Average loss: 1.2493, Accuracy: 6496/10000 (65%)
Finished Running epoch 30, printing results dictionary to file.
Finished printing results dictionary to file after epoch 30.
Running epoch 31 out of 40.
Joint model, Test set: Average loss: 1.2493, Accuracy: 6495/10000 (65%)
Running epoch 32 out of 40.
Joint model, Test set: Average loss: 1.2493, Accuracy: 6495/10000 (65%)
Running epoch 33 out of 40.
Joint model, Test set: Average loss: 1.2492, Accuracy: 6494/10000 (65%)
Running epoch 34 out of 40.
Joint model, Test set: Average loss: 1.2492, Accuracy: 6495/10000 (65%)
Running epoch 35 out of 40.
Joint model, Test set: Average loss: 1.2492, Accuracy: 6494/10000 (65%)
Running epoch 36 out of 40.
Joint model, Test set: Average loss: 1.2492, Accuracy: 6494/10000 (65%)
Running epoch 37 out of 40.
Joint model, Test set: Average loss: 1.2492, Accuracy: 6494/10000 (65%)
Running epoch 38 out of 40.
Joint model, Test set: Average loss: 1.2492, Accuracy: 6494/10000 (65%)
Running epoch 39 out of 40.
Joint model, Test set: Average loss: 1.2492, Accuracy: 6494/10000 (65%)
Running epoch 40 out of 40.
Joint model, Test set: Average loss: 1.2492, Accuracy: 6494/10000 (65%)
Finished Running epoch 40, printing results dictionary to file.
Finished printing results dictionary to file after epoch 40.
###############################################
Running experiment 56 out of 150
###############################################
Running epoch 1 out of 40.
Joint model, Test set: Average loss: 2.3026, Accuracy: 1009/10000 (10%)
Running epoch 2 out of 40.
Detected an attacker: 0
Joint model, Test set: Average loss: 2.3076, Accuracy: 1028/10000 (10%)
Running epoch 3 out of 40.
Joint model, Test set: Average loss: 2.3121, Accuracy: 1009/10000 (10%)
Running epoch 4 out of 40.
Joint model, Test set: Average loss: 2.3424, Accuracy: 1009/10000 (10%)
Running epoch 5 out of 40.
Joint model, Test set: Average loss: 2.3469, Accuracy: 1087/10000 (11%)
Running epoch 6 out of 40.
Joint model, Test set: Average loss: 2.3410, Accuracy: 1175/10000 (12%)
Running epoch 7 out of 40.
Joint model, Test set: Average loss: 2.3053, Accuracy: 1126/10000 (11%)
Running epoch 8 out of 40.
Joint model, Test set: Average loss: 2.2633, Accuracy: 1011/10000 (10%)
Running epoch 9 out of 40.
Joint model, Test set: Average loss: 2.1254, Accuracy: 1939/10000 (19%)
Running epoch 10 out of 40.
Joint model, Test set: Average loss: 2.0204, Accuracy: 2795/10000 (28%)
Finished Running epoch 10, printing results dictionary to file.
Finished printing results dictionary to file after epoch 10.
Running epoch 11 out of 40.
Joint model, Test set: Average loss: 1.9242, Accuracy: 3546/10000 (35%)
Running epoch 12 out of 40.
Joint model, Test set: Average loss: 1.8268, Accuracy: 4341/10000 (43%)
Running epoch 13 out of 40.
Joint model, Test set: Average loss: 1.7363, Accuracy: 5213/10000 (52%)
Running epoch 14 out of 40.
Joint model, Test set: Average loss: 1.6828, Accuracy: 5502/10000 (55%)
Running epoch 15 out of 40.
Joint model, Test set: Average loss: 1.6421, Accuracy: 5675/10000 (57%)
Running epoch 16 out of 40.
Joint model, Test set: Average loss: 1.6209, Accuracy: 5562/10000 (56%)
Running epoch 17 out of 40.
Joint model, Test set: Average loss: 1.5977, Accuracy: 5690/10000 (57%)
Running epoch 18 out of 40.
Joint model, Test set: Average loss: 1.5844, Accuracy: 5689/10000 (57%)
Running epoch 19 out of 40.
Joint model, Test set: Average loss: 1.5763, Accuracy: 5675/10000 (57%)
Running epoch 20 out of 40.
Joint model, Test set: Average loss: 1.5698, Accuracy: 5697/10000 (57%)
Finished Running epoch 20, printing results dictionary to file.
Finished printing results dictionary to file after epoch 20.
Running epoch 21 out of 40.
Joint model, Test set: Average loss: 1.5681, Accuracy: 5663/10000 (57%)
Running epoch 22 out of 40.
Joint model, Test set: Average loss: 1.5676, Accuracy: 5650/10000 (56%)
Running epoch 23 out of 40.
Joint model, Test set: Average loss: 1.5655, Accuracy: 5635/10000 (56%)
Running epoch 24 out of 40.
Joint model, Test set: Average loss: 1.5643, Accuracy: 5642/10000 (56%)
Running epoch 25 out of 40.
Joint model, Test set: Average loss: 1.5638, Accuracy: 5638/10000 (56%)
Running epoch 26 out of 40.
Joint model, Test set: Average loss: 1.5633, Accuracy: 5636/10000 (56%)
Running epoch 27 out of 40.
Joint model, Test set: Average loss: 1.5634, Accuracy: 5627/10000 (56%)
Running epoch 28 out of 40.
Joint model, Test set: Average loss: 1.5631, Accuracy: 5629/10000 (56%)
Running epoch 29 out of 40.
Joint model, Test set: Average loss: 1.5629, Accuracy: 5630/10000 (56%)
Running epoch 30 out of 40.
Joint model, Test set: Average loss: 1.5627, Accuracy: 5626/10000 (56%)
Finished Running epoch 30, printing results dictionary to file.
Finished printing results dictionary to file after epoch 30.
Running epoch 31 out of 40.
Joint model, Test set: Average loss: 1.5627, Accuracy: 5624/10000 (56%)
Running epoch 32 out of 40.
Joint model, Test set: Average loss: 1.5627, Accuracy: 5625/10000 (56%)
Running epoch 33 out of 40.
Joint model, Test set: Average loss: 1.5627, Accuracy: 5628/10000 (56%)
Running epoch 34 out of 40.
Joint model, Test set: Average loss: 1.5626, Accuracy: 5628/10000 (56%)
Running epoch 35 out of 40.
Joint model, Test set: Average loss: 1.5626, Accuracy: 5628/10000 (56%)
Running epoch 36 out of 40.
Joint model, Test set: Average loss: 1.5626, Accuracy: 5628/10000 (56%)
Running epoch 37 out of 40.
Joint model, Test set: Average loss: 1.5626, Accuracy: 5628/10000 (56%)
Running epoch 38 out of 40.
Joint model, Test set: Average loss: 1.5626, Accuracy: 5628/10000 (56%)
Running epoch 39 out of 40.
Joint model, Test set: Average loss: 1.5626, Accuracy: 5630/10000 (56%)
Running epoch 40 out of 40.
Joint model, Test set: Average loss: 1.5626, Accuracy: 5630/10000 (56%)
Finished Running epoch 40, printing results dictionary to file.
Finished printing results dictionary to file after epoch 40.
###############################################
Running experiment 57 out of 150
###############################################
Running epoch 1 out of 40.
Joint model, Test set: Average loss: 2.3022, Accuracy: 1009/10000 (10%)
Running epoch 2 out of 40.
Detected an attacker: 0
Joint model, Test set: Average loss: 2.2987, Accuracy: 1009/10000 (10%)
Running epoch 3 out of 40.
Joint model, Test set: Average loss: 2.3034, Accuracy: 1540/10000 (15%)
Running epoch 4 out of 40.
Joint model, Test set: Average loss: 2.3065, Accuracy: 1554/10000 (16%)
Running epoch 5 out of 40.
Joint model, Test set: Average loss: 2.3307, Accuracy: 1730/10000 (17%)
Running epoch 6 out of 40.
Joint model, Test set: Average loss: 2.2787, Accuracy: 1917/10000 (19%)
Running epoch 7 out of 40.
Joint model, Test set: Average loss: 2.1168, Accuracy: 2093/10000 (21%)
Running epoch 8 out of 40.
