Epoch 1, Attack delay: 0, Coefficient is: 1.4142135623730951
Running epoch 1 out of 150.
Running training on agent 0.
Running training on agent 1.
Running training on agent 2.
Running training on agent 3.
Running training on agent 4.
Current attacking agent is 0, coefficient is 1.4142135623730951.

Joint model, Test set: Average loss: 2.3000, Accuracy: 3506/10000 (35%)

Epoch 2, Attack delay: 0, Coefficient is: 1.7320508075688772
Running epoch 2 out of 150.
Running training on agent 0.
Running training on agent 1.
Running training on agent 2.
Running training on agent 3.
Running training on agent 4.
Current attacking agent is 0, coefficient is 1.7320508075688772.

Joint model, Test set: Average loss: 0.3586, Accuracy: 8797/10000 (88%)

Epoch 3, Attack delay: 0, Coefficient is: 2.0
Running epoch 3 out of 150.
Running training on agent 0.
Running training on agent 1.
Running training on agent 2.
Running training on agent 3.
Running training on agent 4.
Current attacking agent is 0, coefficient is 2.0.

Joint model, Test set: Average loss: 0.2294, Accuracy: 9240/10000 (92%)

Epoch 4, Attack delay: 0, Coefficient is: 2.23606797749979
Running epoch 4 out of 150.
Running training on agent 0.
Running training on agent 1.
Running training on agent 2.
Running training on agent 3.
Running training on agent 4.
Current attacking agent is 0, coefficient is 2.23606797749979.

Joint model, Test set: Average loss: 0.1986, Accuracy: 9433/10000 (94%)

Epoch 5, Attack delay: 0, Coefficient is: 2.449489742783178
Running epoch 5 out of 150.
Running training on agent 0.
Running training on agent 1.
Running training on agent 2.
Running training on agent 3.
Running training on agent 4.
Current attacking agent is 0, coefficient is 2.449489742783178.

Joint model, Test set: Average loss: 0.2422, Accuracy: 9437/10000 (94%)

Epoch 6, Attack delay: 0, Coefficient is: 2.6457513110645907
Running epoch 6 out of 150.
Running training on agent 0.
Running training on agent 1.
Running training on agent 2.
Running training on agent 3.
Running training on agent 4.
Current attacking agent is 0, coefficient is 2.6457513110645907.

Joint model, Test set: Average loss: 0.3704, Accuracy: 9264/10000 (93%)

Epoch 7, Attack delay: 0, Coefficient is: 2.8284271247461903
Running epoch 7 out of 150.
Running training on agent 0.
Running training on agent 1.
Running training on agent 2.
Running training on agent 3.
Running training on agent 4.
Current attacking agent is 0, coefficient is 2.8284271247461903.

Joint model, Test set: Average loss: 0.7731, Accuracy: 8927/10000 (89%)

Epoch 8, Attack delay: 0, Coefficient is: 3.0
Running epoch 8 out of 150.
Running training on agent 0.
Running training on agent 1.
Running training on agent 2.
Running training on agent 3.
Running training on agent 4.
Current attacking agent is 0, coefficient is 3.0.

Joint model, Test set: Average loss: 2.5892, Accuracy: 8323/10000 (83%)

Epoch 9, Attack delay: 0, Coefficient is: 3.1622776601683795
Running epoch 9 out of 150.
Running training on agent 0.
Running training on agent 1.
Running training on agent 2.
Running training on agent 3.
Running training on agent 4.
Current attacking agent is 0, coefficient is 3.1622776601683795.

Joint model, Test set: Average loss: 11.6038, Accuracy: 7498/10000 (75%)

Epoch 10, Attack delay: 0, Coefficient is: 3.3166247903554
Running epoch 10 out of 150.
Running training on agent 0.
Running training on agent 1.
Running training on agent 2.
Running training on agent 3.
Running training on agent 4.
Current attacking agent is 0, coefficient is 3.3166247903554.

Joint model, Test set: Average loss: 63.5040, Accuracy: 6494/10000 (65%)

Finished Running epoch 10, printing results dictionary to file.
Finished printing results dictionary to file after epoch 10.
Epoch 11, Attack delay: 0, Coefficient is: 3.4641016151377544
Running epoch 11 out of 150.
Running training on agent 0.
Running training on agent 1.
Running training on agent 2.
Running training on agent 3.
Running training on agent 4.
Current attacking agent is 0, coefficient is 3.4641016151377544.

Joint model, Test set: Average loss: 335.8436, Accuracy: 5807/10000 (58%)

Epoch 12, Attack delay: 0, Coefficient is: 3.605551275463989
Running epoch 12 out of 150.
Running training on agent 0.
Running training on agent 1.
Running training on agent 2.
Running training on agent 3.
Running training on agent 4.
Current attacking agent is 0, coefficient is 3.605551275463989.

Joint model, Test set: Average loss: 1801.7471, Accuracy: 5301/10000 (53%)

Epoch 13, Attack delay: 0, Coefficient is: 3.7416573867739413
Running epoch 13 out of 150.
Running training on agent 0.
Running training on agent 1.
Running training on agent 2.
Running training on agent 3.
Running training on agent 4.
Current attacking agent is 0, coefficient is 3.7416573867739413.

Joint model, Test set: Average loss: 10062.3118, Accuracy: 5052/10000 (51%)

Epoch 14, Attack delay: 0, Coefficient is: 3.872983346207417
Running epoch 14 out of 150.
Running training on agent 0.
Running training on agent 1.
Running training on agent 2.
Running training on agent 3.
Running training on agent 4.
Current attacking agent is 0, coefficient is 3.872983346207417.

Joint model, Test set: Average loss: 61347.2588, Accuracy: 4829/10000 (48%)

Epoch 15, Attack delay: 0, Coefficient is: 4.0
Running epoch 15 out of 150.
Running training on agent 0.
Running training on agent 1.
Running training on agent 2.
Running training on agent 3.
Running training on agent 4.
Current attacking agent is 0, coefficient is 4.0.

Joint model, Test set: Average loss: 406578.7264, Accuracy: 4617/10000 (46%)

Epoch 16, Attack delay: 0, Coefficient is: 4.123105625617661
Running epoch 16 out of 150.
Running training on agent 0.
Running training on agent 1.
Running training on agent 2.
Running training on agent 3.
Running training on agent 4.
Current attacking agent is 0, coefficient is 4.123105625617661.

Joint model, Test set: Average loss: 2881380.5568, Accuracy: 4428/10000 (44%)

Epoch 17, Attack delay: 0, Coefficient is: 4.242640687119285
Running epoch 17 out of 150.
Running training on agent 0.
Running training on agent 1.
Running training on agent 2.
Running training on agent 3.
Running training on agent 4.
Current attacking agent is 0, coefficient is 4.242640687119285.

Joint model, Test set: Average loss: 21723171.8400, Accuracy: 4282/10000 (43%)

Epoch 18, Attack delay: 0, Coefficient is: 4.358898943540674
Running epoch 18 out of 150.
Running training on agent 0.
Running training on agent 1.
Running training on agent 2.
Running training on agent 3.
Running training on agent 4.
Current attacking agent is 0, coefficient is 4.358898943540674.

Joint model, Test set: Average loss: 173945259.6224, Accuracy: 4121/10000 (41%)

Epoch 19, Attack delay: 0, Coefficient is: 4.47213595499958
Running epoch 19 out of 150.
Running training on agent 0.
Running training on agent 1.
Running training on agent 2.
Running training on agent 3.
Running training on agent 4.
Current attacking agent is 0, coefficient is 4.47213595499958.

Joint model, Test set: Average loss: 1460248707.0720, Accuracy: 4010/10000 (40%)

Epoch 20, Attack delay: 0, Coefficient is: 4.58257569495584
Running epoch 20 out of 150.
Running training on agent 0.
Running training on agent 1.
Running training on agent 2.
Running training on agent 3.
Running training on agent 4.
Current attacking agent is 0, coefficient is 4.58257569495584.

Joint model, Test set: Average loss: 12949452226.5600, Accuracy: 3891/10000 (39%)

Finished Running epoch 20, printing results dictionary to file.
Finished printing results dictionary to file after epoch 20.
Epoch 21, Attack delay: 0, Coefficient is: 4.69041575982343
Running epoch 21 out of 150.
Running training on agent 0.
Running training on agent 1.
Running training on agent 2.
Running training on agent 3.
Running training on agent 4.
Current attacking agent is 0, coefficient is 4.69041575982343.

Joint model, Test set: Average loss: 120449037605.2736, Accuracy: 3768/10000 (38%)

Epoch 22, Attack delay: 0, Coefficient is: 4.795831523312719
Running epoch 22 out of 150.
Running training on agent 0.
Running training on agent 1.
Running training on agent 2.
Running training on agent 3.
Running training on agent 4.
Current attacking agent is 0, coefficient is 4.795831523312719.

Joint model, Test set: Average loss: 1170683463729.1521, Accuracy: 3685/10000 (37%)

Epoch 23, Attack delay: 0, Coefficient is: 4.898979485566356
Running epoch 23 out of 150.
Running training on agent 0.
Running training on agent 1.
Running training on agent 2.
Running training on agent 3.
Running training on agent 4.
Current attacking agent is 0, coefficient is 4.898979485566356.

Joint model, Test set: Average loss: 11913208486952.9609, Accuracy: 3609/10000 (36%)

Epoch 24, Attack delay: 0, Coefficient is: 5.0
Running epoch 24 out of 150.
Running training on agent 0.
Running training on agent 1.
Running training on agent 2.
Running training on agent 3.
Running training on agent 4.
Current attacking agent is 0, coefficient is 5.0.

Joint model, Test set: Average loss: 126310741311697.7188, Accuracy: 3553/10000 (36%)

Epoch 25, Attack delay: 0, Coefficient is: 5.0990195135927845
Running epoch 25 out of 150.
Running training on agent 0.
Running training on agent 1.
Running training on agent 2.
Running training on agent 3.
Running training on agent 4.
Current attacking agent is 0, coefficient is 5.0990195135927845.

Joint model, Test set: Average loss: 1402163995583552.0000, Accuracy: 3475/10000 (35%)

Epoch 26, Attack delay: 0, Coefficient is: 5.196152422706632
Running epoch 26 out of 150.
Running training on agent 0.
Running training on agent 1.
Running training on agent 2.
Running training on agent 3.
Running training on agent 4.
Current attacking agent is 0, coefficient is 5.196152422706632.

Joint model, Test set: Average loss: 16180232904395824.0000, Accuracy: 3422/10000 (34%)

Epoch 27, Attack delay: 0, Coefficient is: 5.291502622129181
Running epoch 27 out of 150.
Running training on agent 0.
Running training on agent 1.
Running training on agent 2.
Running training on agent 3.
Running training on agent 4.
Current attacking agent is 0, coefficient is 5.291502622129181.

Joint model, Test set: Average loss: 193764281261308992.0000, Accuracy: 3382/10000 (34%)

Epoch 28, Attack delay: 0, Coefficient is: 5.385164807134504
Running epoch 28 out of 150.
Running training on agent 0.
Running training on agent 1.
Running training on agent 2.
Running training on agent 3.
Running training on agent 4.
Current attacking agent is 0, coefficient is 5.385164807134504.

Joint model, Test set: Average loss: 2414137959154579456.0000, Accuracy: 3336/10000 (33%)

Epoch 29, Attack delay: 0, Coefficient is: 5.477225575051661
Running epoch 29 out of 150.
Running training on agent 0.
Running training on agent 1.
Running training on agent 2.
Running training on agent 3.
Running training on agent 4.
Current attacking agent is 0, coefficient is 5.477225575051661.

Joint model, Test set: Average loss: 31292510585186066432.0000, Accuracy: 3297/10000 (33%)

Epoch 30, Attack delay: 0, Coefficient is: 5.5677643628300215
Running epoch 30 out of 150.
Running training on agent 0.
Running training on agent 1.
Running training on agent 2.
Running training on agent 3.
Running training on agent 4.
Current attacking agent is 0, coefficient is 5.5677643628300215.

Joint model, Test set: Average loss: 420799902035659980800.0000, Accuracy: 3263/10000 (33%)

Finished Running epoch 30, printing results dictionary to file.
Finished printing results dictionary to file after epoch 30.
Epoch 31, Attack delay: 0, Coefficient is: 5.656854249492381
Running epoch 31 out of 150.
Running training on agent 0.
Running training on agent 1.
Running training on agent 2.
Running training on agent 3.
Running training on agent 4.
Current attacking agent is 0, coefficient is 5.656854249492381.

Joint model, Test set: Average loss: 5877532956230262194176.0000, Accuracy: 3239/10000 (32%)

Epoch 32, Attack delay: 0, Coefficient is: 5.744562646538029
Running epoch 32 out of 150.
Running training on agent 0.
Running training on agent 1.
Running training on agent 2.
Running training on agent 3.
Running training on agent 4.
Current attacking agent is 0, coefficient is 5.744562646538029.

Joint model, Test set: Average loss: 85114990858620312223744.0000, Accuracy: 3216/10000 (32%)

Epoch 33, Attack delay: 0, Coefficient is: 5.830951894845301
Running epoch 33 out of 150.
Running training on agent 0.
Running training on agent 1.
Running training on agent 2.
Running training on agent 3.
Running training on agent 4.
Current attacking agent is 0, coefficient is 5.830951894845301.

Joint model, Test set: Average loss: 1273792725238672454057984.0000, Accuracy: 3194/10000 (32%)

Epoch 34, Attack delay: 0, Coefficient is: 5.916079783099616
Running epoch 34 out of 150.
Running training on agent 0.
Running training on agent 1.
Running training on agent 2.
Running training on agent 3.
Running training on agent 4.
Current attacking agent is 0, coefficient is 5.916079783099616.

Joint model, Test set: Average loss: 19695583452896555186520064.0000, Accuracy: 3177/10000 (32%)

Epoch 35, Attack delay: 0, Coefficient is: 6.0
Running epoch 35 out of 150.
Running training on agent 0.
Running training on agent 1.
Running training on agent 2.
Running training on agent 3.
Running training on agent 4.
Current attacking agent is 0, coefficient is 6.0.

Joint model, Test set: Average loss: 314811249862684942534705152.0000, Accuracy: 3161/10000 (32%)

Epoch 36, Attack delay: 0, Coefficient is: 6.082762530298219
Running epoch 36 out of 150.
Running training on agent 0.
Running training on agent 1.
Running training on agent 2.
Running training on agent 3.
Running training on agent 4.
Current attacking agent is 0, coefficient is 6.082762530298219.

Joint model, Test set: Average loss: 5199374156903718886695763968.0000, Accuracy: 3155/10000 (32%)

Epoch 37, Attack delay: 0, Coefficient is: 6.164414002968976
Running epoch 37 out of 150.
Running training on agent 0.
Running training on agent 1.
Running training on agent 2.
Running training on agent 3.
Running training on agent 4.
Current attacking agent is 0, coefficient is 6.164414002968976.

Joint model, Test set: Average loss: 88820305608033177199685140480.0000, Accuracy: 3156/10000 (32%)

Epoch 38, Attack delay: 0, Coefficient is: 6.244997998398398
Running epoch 38 out of 150.
Running training on agent 0.
Running training on agent 1.
Running training on agent 2.
Running training on agent 3.
Running training on agent 4.
Current attacking agent is 0, coefficient is 6.244997998398398.

Joint model, Test set: Average loss: 1565859570139485346632808005632.0000, Accuracy: 3155/10000 (32%)

Epoch 39, Attack delay: 0, Coefficient is: 6.324555320336759
Running epoch 39 out of 150.
Running training on agent 0.
Running training on agent 1.
Running training on agent 2.
Running training on agent 3.
Running training on agent 4.
Current attacking agent is 0, coefficient is 6.324555320336759.

Joint model, Test set: Average loss: 28461537626392022655754022420480.0000, Accuracy: 3156/10000 (32%)

Epoch 40, Attack delay: 0, Coefficient is: 6.4031242374328485
Running epoch 40 out of 150.
Running training on agent 0.
Running training on agent 1.
Running training on agent 2.
Running training on agent 3.
Running training on agent 4.
Current attacking agent is 0, coefficient is 6.4031242374328485.

Joint model, Test set: Average loss: 533499454358294380675241248555008.0000, Accuracy: 3155/10000 (32%)

Finished Running epoch 40, printing results dictionary to file.
Finished printing results dictionary to file after epoch 40.
Epoch 41, Attack delay: 0, Coefficient is: 6.48074069840786
Running epoch 41 out of 150.
Running training on agent 0.
Running training on agent 1.
Running training on agent 2.
Running training on agent 3.
Running training on agent 4.
Current attacking agent is 0, coefficient is 6.48074069840786.

Joint model, Test set: Average loss: 10300994061460503335420809189523456.0000, Accuracy: 3155/10000 (32%)

Epoch 42, Attack delay: 0, Coefficient is: 6.557438524302
Running epoch 42 out of 150.
Running training on agent 0.
Running training on agent 1.
Running training on agent 2.
Running training on agent 3.
Running training on agent 4.
Current attacking agent is 0, coefficient is 6.557438524302.

Joint model, Test set: Average loss: 204736934142719011882424145627054080.0000, Accuracy: 3156/10000 (32%)

Epoch 43, Attack delay: 0, Coefficient is: 6.6332495807108
Running epoch 43 out of 150.
Running training on agent 0.
Running training on agent 1.
Running training on agent 2.
Running training on agent 3.
Running training on agent 4.
Current attacking agent is 0, coefficient is 6.6332495807108.

Joint model, Test set: Average loss: inf, Accuracy: 3155/10000 (32%)

Epoch 44, Attack delay: 0, Coefficient is: 6.708203932499369
Running epoch 44 out of 150.
Running training on agent 0.
Running training on agent 1.
Running training on agent 2.
Running training on agent 3.
Running training on agent 4.
Current attacking agent is 0, coefficient is 6.708203932499369.

Joint model, Test set: Average loss: nan, Accuracy: 980/10000 (10%)

Epoch 45, Attack delay: 0, Coefficient is: 6.782329983125268
Running epoch 45 out of 150.
Running training on agent 0.
Running training on agent 1.
Running training on agent 2.
Running training on agent 3.
Running training on agent 4.
Current attacking agent is 0, coefficient is 6.782329983125268.

Joint model, Test set: Average loss: nan, Accuracy: 980/10000 (10%)

Epoch 46, Attack delay: 0, Coefficient is: 6.855654600401044
Running epoch 46 out of 150.
Running training on agent 0.
Running training on agent 1.
Running training on agent 2.
Running training on agent 3.
Running training on agent 4.
Current attacking agent is 0, coefficient is 6.855654600401044.

Joint model, Test set: Average loss: nan, Accuracy: 980/10000 (10%)

Epoch 47, Attack delay: 0, Coefficient is: 6.928203230275509
Running epoch 47 out of 150.
Running training on agent 0.
Running training on agent 1.
Running training on agent 2.
Running training on agent 3.
Running training on agent 4.
Current attacking agent is 0, coefficient is 6.928203230275509.

Joint model, Test set: Average loss: nan, Accuracy: 980/10000 (10%)

Epoch 48, Attack delay: 0, Coefficient is: 7.0
Running epoch 48 out of 150.
Running training on agent 0.
Running training on agent 1.
Running training on agent 2.
Running training on agent 3.
Running training on agent 4.
Current attacking agent is 0, coefficient is 7.0.

Joint model, Test set: Average loss: nan, Accuracy: 980/10000 (10%)

Epoch 49, Attack delay: 0, Coefficient is: 7.0710678118654755
Running epoch 49 out of 150.
Running training on agent 0.
Running training on agent 1.
Running training on agent 2.
Running training on agent 3.
Running training on agent 4.
Current attacking agent is 0, coefficient is 7.0710678118654755.

Joint model, Test set: Average loss: nan, Accuracy: 980/10000 (10%)

Epoch 50, Attack delay: 0, Coefficient is: 7.14142842854285
Running epoch 50 out of 150.
Running training on agent 0.
Running training on agent 1.
Running training on agent 2.
Running training on agent 3.
Running training on agent 4.
Current attacking agent is 0, coefficient is 7.14142842854285.

Joint model, Test set: Average loss: nan, Accuracy: 980/10000 (10%)

Finished Running epoch 50, printing results dictionary to file.
Finished printing results dictionary to file after epoch 50.
Epoch 51, Attack delay: 0, Coefficient is: 7.211102550927978
Running epoch 51 out of 150.
Running training on agent 0.
Running training on agent 1.
Running training on agent 2.
Running training on agent 3.
Running training on agent 4.
Current attacking agent is 0, coefficient is 7.211102550927978.

Joint model, Test set: Average loss: nan, Accuracy: 980/10000 (10%)

Epoch 52, Attack delay: 0, Coefficient is: 7.280109889280518
Running epoch 52 out of 150.
Running training on agent 0.
Running training on agent 1.
Running training on agent 2.
Running training on agent 3.
Running training on agent 4.
Current attacking agent is 0, coefficient is 7.280109889280518.

Joint model, Test set: Average loss: nan, Accuracy: 980/10000 (10%)

Epoch 53, Attack delay: 0, Coefficient is: 7.3484692283495345
Running epoch 53 out of 150.
Running training on agent 0.
Running training on agent 1.
Running training on agent 2.
Running training on agent 3.
Running training on agent 4.
Current attacking agent is 0, coefficient is 7.3484692283495345.

Joint model, Test set: Average loss: nan, Accuracy: 980/10000 (10%)

Epoch 54, Attack delay: 0, Coefficient is: 7.416198487095663
Running epoch 54 out of 150.
Running training on agent 0.
Running training on agent 1.
Running training on agent 2.
Running training on agent 3.
Running training on agent 4.
Current attacking agent is 0, coefficient is 7.416198487095663.

Joint model, Test set: Average loss: nan, Accuracy: 980/10000 (10%)

Epoch 55, Attack delay: 0, Coefficient is: 7.483314773547883
Running epoch 55 out of 150.
Running training on agent 0.
Running training on agent 1.
Running training on agent 2.
Running training on agent 3.
Running training on agent 4.
Current attacking agent is 0, coefficient is 7.483314773547883.

Joint model, Test set: Average loss: nan, Accuracy: 980/10000 (10%)

Epoch 56, Attack delay: 0, Coefficient is: 7.54983443527075
Running epoch 56 out of 150.
Running training on agent 0.
Running training on agent 1.
Running training on agent 2.
Running training on agent 3.
Running training on agent 4.
Current attacking agent is 0, coefficient is 7.54983443527075.

Joint model, Test set: Average loss: nan, Accuracy: 980/10000 (10%)

Epoch 57, Attack delay: 0, Coefficient is: 7.615773105863909
Running epoch 57 out of 150.
Running training on agent 0.
Running training on agent 1.
Running training on agent 2.
Running training on agent 3.
Running training on agent 4.
Current attacking agent is 0, coefficient is 7.615773105863909.

Joint model, Test set: Average loss: nan, Accuracy: 980/10000 (10%)

Epoch 58, Attack delay: 0, Coefficient is: 7.681145747868608
Running epoch 58 out of 150.
Running training on agent 0.
Running training on agent 1.
Running training on agent 2.
Running training on agent 3.
Running training on agent 4.
Current attacking agent is 0, coefficient is 7.681145747868608.

Joint model, Test set: Average loss: nan, Accuracy: 980/10000 (10%)

Epoch 59, Attack delay: 0, Coefficient is: 7.745966692414834
Running epoch 59 out of 150.
Running training on agent 0.
Running training on agent 1.
Running training on agent 2.
Running training on agent 3.
Running training on agent 4.
Current attacking agent is 0, coefficient is 7.745966692414834.

Joint model, Test set: Average loss: nan, Accuracy: 980/10000 (10%)

Epoch 60, Attack delay: 0, Coefficient is: 7.810249675906654
Running epoch 60 out of 150.
Running training on agent 0.
Running training on agent 1.
Running training on agent 2.
Running training on agent 3.
Running training on agent 4.
Current attacking agent is 0, coefficient is 7.810249675906654.

Joint model, Test set: Average loss: nan, Accuracy: 980/10000 (10%)

Finished Running epoch 60, printing results dictionary to file.
Finished printing results dictionary to file after epoch 60.
Epoch 61, Attack delay: 0, Coefficient is: 7.874007874011811
Running epoch 61 out of 150.
Running training on agent 0.
Running training on agent 1.
Running training on agent 2.
Running training on agent 3.
Running training on agent 4.
Current attacking agent is 0, coefficient is 7.874007874011811.

Joint model, Test set: Average loss: nan, Accuracy: 980/10000 (10%)

Epoch 62, Attack delay: 0, Coefficient is: 7.937253933193772
Running epoch 62 out of 150.
Running training on agent 0.
Running training on agent 1.
Running training on agent 2.
Running training on agent 3.
Running training on agent 4.
Current attacking agent is 0, coefficient is 7.937253933193772.

Joint model, Test set: Average loss: nan, Accuracy: 980/10000 (10%)

Epoch 63, Attack delay: 0, Coefficient is: 8.0
Running epoch 63 out of 150.
Running training on agent 0.
Running training on agent 1.
Running training on agent 2.
Running training on agent 3.
Running training on agent 4.
Current attacking agent is 0, coefficient is 8.0.

Joint model, Test set: Average loss: nan, Accuracy: 980/10000 (10%)

Epoch 64, Attack delay: 0, Coefficient is: 8.06225774829855
Running epoch 64 out of 150.
Running training on agent 0.
Running training on agent 1.
Running training on agent 2.
Running training on agent 3.
Running training on agent 4.
Current attacking agent is 0, coefficient is 8.06225774829855.

Joint model, Test set: Average loss: nan, Accuracy: 980/10000 (10%)

Epoch 65, Attack delay: 0, Coefficient is: 8.12403840463596
Running epoch 65 out of 150.
Running training on agent 0.
Running training on agent 1.
Running training on agent 2.
Running training on agent 3.
Running training on agent 4.
Current attacking agent is 0, coefficient is 8.12403840463596.

Joint model, Test set: Average loss: nan, Accuracy: 980/10000 (10%)

Epoch 66, Attack delay: 0, Coefficient is: 8.18535277187245
Running epoch 66 out of 150.
Running training on agent 0.
Running training on agent 1.
Running training on agent 2.
Running training on agent 3.
Running training on agent 4.
Current attacking agent is 0, coefficient is 8.18535277187245.

Joint model, Test set: Average loss: nan, Accuracy: 980/10000 (10%)

Epoch 67, Attack delay: 0, Coefficient is: 8.246211251235321
Running epoch 67 out of 150.
Running training on agent 0.
Running training on agent 1.
Running training on agent 2.
Running training on agent 3.
Running training on agent 4.
Current attacking agent is 0, coefficient is 8.246211251235321.

Joint model, Test set: Average loss: nan, Accuracy: 980/10000 (10%)

Epoch 68, Attack delay: 0, Coefficient is: 8.306623862918075
Running epoch 68 out of 150.
Running training on agent 0.
Running training on agent 1.
Running training on agent 2.
Running training on agent 3.
Running training on agent 4.
Current attacking agent is 0, coefficient is 8.306623862918075.

Joint model, Test set: Average loss: nan, Accuracy: 980/10000 (10%)

Epoch 69, Attack delay: 0, Coefficient is: 8.366600265340756
Running epoch 69 out of 150.
Running training on agent 0.
Running training on agent 1.
Running training on agent 2.
Running training on agent 3.
Running training on agent 4.
Current attacking agent is 0, coefficient is 8.366600265340756.

Joint model, Test set: Average loss: nan, Accuracy: 980/10000 (10%)

Epoch 70, Attack delay: 0, Coefficient is: 8.426149773176359
Running epoch 70 out of 150.
Running training on agent 0.
Running training on agent 1.
Running training on agent 2.
Running training on agent 3.
Running training on agent 4.
Current attacking agent is 0, coefficient is 8.426149773176359.

Joint model, Test set: Average loss: nan, Accuracy: 980/10000 (10%)

Finished Running epoch 70, printing results dictionary to file.
Finished printing results dictionary to file after epoch 70.
Epoch 71, Attack delay: 0, Coefficient is: 8.48528137423857
Running epoch 71 out of 150.
Running training on agent 0.
Running training on agent 1.
Running training on agent 2.
Running training on agent 3.
Running training on agent 4.
Current attacking agent is 0, coefficient is 8.48528137423857.

Joint model, Test set: Average loss: nan, Accuracy: 980/10000 (10%)

Epoch 72, Attack delay: 0, Coefficient is: 8.54400374531753
Running epoch 72 out of 150.
Running training on agent 0.
Running training on agent 1.
Running training on agent 2.
Running training on agent 3.
Running training on agent 4.
Current attacking agent is 0, coefficient is 8.54400374531753.

Joint model, Test set: Average loss: nan, Accuracy: 980/10000 (10%)

Epoch 73, Attack delay: 0, Coefficient is: 8.602325267042627
Running epoch 73 out of 150.
Running training on agent 0.
Running training on agent 1.
Running training on agent 2.
Running training on agent 3.
Running training on agent 4.
Current attacking agent is 0, coefficient is 8.602325267042627.

Joint model, Test set: Average loss: nan, Accuracy: 980/10000 (10%)

Epoch 74, Attack delay: 0, Coefficient is: 8.660254037844387
Running epoch 74 out of 150.
Running training on agent 0.
Running training on agent 1.
Running training on agent 2.
Running training on agent 3.
Running training on agent 4.
Current attacking agent is 0, coefficient is 8.660254037844387.

Joint model, Test set: Average loss: nan, Accuracy: 980/10000 (10%)

Epoch 75, Attack delay: 0, Coefficient is: 8.717797887081348
Running epoch 75 out of 150.
Running training on agent 0.
Running training on agent 1.
Running training on agent 2.
Running training on agent 3.
Running training on agent 4.
Current attacking agent is 0, coefficient is 8.717797887081348.

Joint model, Test set: Average loss: nan, Accuracy: 980/10000 (10%)

Epoch 76, Attack delay: 0, Coefficient is: 8.774964387392123
Running epoch 76 out of 150.
Running training on agent 0.
Running training on agent 1.
Running training on agent 2.
Running training on agent 3.
Running training on agent 4.
Current attacking agent is 0, coefficient is 8.774964387392123.

Joint model, Test set: Average loss: nan, Accuracy: 980/10000 (10%)

Epoch 77, Attack delay: 0, Coefficient is: 8.831760866327848
Running epoch 77 out of 150.
Running training on agent 0.
Running training on agent 1.
Running training on agent 2.
Running training on agent 3.
Running training on agent 4.
Current attacking agent is 0, coefficient is 8.831760866327848.

Joint model, Test set: Average loss: nan, Accuracy: 980/10000 (10%)

Epoch 78, Attack delay: 0, Coefficient is: 8.888194417315589
Running epoch 78 out of 150.
Running training on agent 0.
Running training on agent 1.
Running training on agent 2.
Running training on agent 3.
Running training on agent 4.
Current attacking agent is 0, coefficient is 8.888194417315589.

Joint model, Test set: Average loss: nan, Accuracy: 980/10000 (10%)

Epoch 79, Attack delay: 0, Coefficient is: 8.94427190999916
Running epoch 79 out of 150.
Running training on agent 0.
Running training on agent 1.
Running training on agent 2.
Running training on agent 3.
Running training on agent 4.
Current attacking agent is 0, coefficient is 8.94427190999916.

Joint model, Test set: Average loss: nan, Accuracy: 980/10000 (10%)

Epoch 80, Attack delay: 0, Coefficient is: 9.0
Running epoch 80 out of 150.
Running training on agent 0.
Running training on agent 1.
Running training on agent 2.
Running training on agent 3.
Running training on agent 4.
Current attacking agent is 0, coefficient is 9.0.

Joint model, Test set: Average loss: nan, Accuracy: 980/10000 (10%)

Finished Running epoch 80, printing results dictionary to file.
Finished printing results dictionary to file after epoch 80.
Epoch 81, Attack delay: 0, Coefficient is: 9.055385138137417
Running epoch 81 out of 150.
Running training on agent 0.
Running training on agent 1.
Running training on agent 2.
Running training on agent 3.
Running training on agent 4.
Current attacking agent is 0, coefficient is 9.055385138137417.

Joint model, Test set: Average loss: nan, Accuracy: 980/10000 (10%)

Epoch 82, Attack delay: 0, Coefficient is: 9.1104335791443
Running epoch 82 out of 150.
Running training on agent 0.
Running training on agent 1.
Running training on agent 2.
Running training on agent 3.
Running training on agent 4.
Current attacking agent is 0, coefficient is 9.1104335791443.

Joint model, Test set: Average loss: nan, Accuracy: 980/10000 (10%)

Epoch 83, Attack delay: 0, Coefficient is: 9.16515138991168
Running epoch 83 out of 150.
Running training on agent 0.
Running training on agent 1.
Running training on agent 2.
Running training on agent 3.
Running training on agent 4.
Current attacking agent is 0, coefficient is 9.16515138991168.

Joint model, Test set: Average loss: nan, Accuracy: 980/10000 (10%)

Epoch 84, Attack delay: 0, Coefficient is: 9.219544457292887
Running epoch 84 out of 150.
Running training on agent 0.
Running training on agent 1.
Running training on agent 2.
Running training on agent 3.
Running training on agent 4.
Current attacking agent is 0, coefficient is 9.219544457292887.

Joint model, Test set: Average loss: nan, Accuracy: 980/10000 (10%)

Epoch 85, Attack delay: 0, Coefficient is: 9.273618495495704
Running epoch 85 out of 150.
Running training on agent 0.
Running training on agent 1.
Running training on agent 2.
Running training on agent 3.
Running training on agent 4.
Current attacking agent is 0, coefficient is 9.273618495495704.

Joint model, Test set: Average loss: nan, Accuracy: 980/10000 (10%)

Epoch 86, Attack delay: 0, Coefficient is: 9.327379053088816
Running epoch 86 out of 150.
Running training on agent 0.
Running training on agent 1.
Running training on agent 2.
Running training on agent 3.
Running training on agent 4.
Current attacking agent is 0, coefficient is 9.327379053088816.

Joint model, Test set: Average loss: nan, Accuracy: 980/10000 (10%)

Epoch 87, Attack delay: 0, Coefficient is: 9.38083151964686
Running epoch 87 out of 150.
Running training on agent 0.
Running training on agent 1.
Running training on agent 2.
Running training on agent 3.
Running training on agent 4.
Current attacking agent is 0, coefficient is 9.38083151964686.

Joint model, Test set: Average loss: nan, Accuracy: 980/10000 (10%)

Epoch 88, Attack delay: 0, Coefficient is: 9.433981132056603
Running epoch 88 out of 150.
Running training on agent 0.
Running training on agent 1.
Running training on agent 2.
Running training on agent 3.
Running training on agent 4.
Current attacking agent is 0, coefficient is 9.433981132056603.

Joint model, Test set: Average loss: nan, Accuracy: 980/10000 (10%)

Epoch 89, Attack delay: 0, Coefficient is: 9.486832980505138
Running epoch 89 out of 150.
Running training on agent 0.
Running training on agent 1.
Running training on agent 2.
Running training on agent 3.
Running training on agent 4.
Current attacking agent is 0, coefficient is 9.486832980505138.

Joint model, Test set: Average loss: nan, Accuracy: 980/10000 (10%)

Epoch 90, Attack delay: 0, Coefficient is: 9.539392014169456
Running epoch 90 out of 150.
Running training on agent 0.
Running training on agent 1.
Running training on agent 2.
Running training on agent 3.
Running training on agent 4.
Current attacking agent is 0, coefficient is 9.539392014169456.

Joint model, Test set: Average loss: nan, Accuracy: 980/10000 (10%)

Finished Running epoch 90, printing results dictionary to file.
Finished printing results dictionary to file after epoch 90.
Epoch 91, Attack delay: 0, Coefficient is: 9.591663046625438
Running epoch 91 out of 150.
Running training on agent 0.
Running training on agent 1.
Running training on agent 2.
Running training on agent 3.
Running training on agent 4.
Current attacking agent is 0, coefficient is 9.591663046625438.

Joint model, Test set: Average loss: nan, Accuracy: 980/10000 (10%)

Epoch 92, Attack delay: 0, Coefficient is: 9.643650760992955
Running epoch 92 out of 150.
Running training on agent 0.
Running training on agent 1.
Running training on agent 2.
Running training on agent 3.
Running training on agent 4.
Current attacking agent is 0, coefficient is 9.643650760992955.

Joint model, Test set: Average loss: nan, Accuracy: 980/10000 (10%)

Epoch 93, Attack delay: 0, Coefficient is: 9.695359714832659
Running epoch 93 out of 150.
Running training on agent 0.
Running training on agent 1.
Running training on agent 2.
Running training on agent 3.
Running training on agent 4.
Current attacking agent is 0, coefficient is 9.695359714832659.

Joint model, Test set: Average loss: nan, Accuracy: 980/10000 (10%)

Epoch 94, Attack delay: 0, Coefficient is: 9.746794344808963
Running epoch 94 out of 150.
Running training on agent 0.
Running training on agent 1.
Running training on agent 2.
Running training on agent 3.
Running training on agent 4.
Current attacking agent is 0, coefficient is 9.746794344808963.

Joint model, Test set: Average loss: nan, Accuracy: 980/10000 (10%)

Epoch 95, Attack delay: 0, Coefficient is: 9.797958971132712
Running epoch 95 out of 150.
Running training on agent 0.
Running training on agent 1.
Running training on agent 2.
Running training on agent 3.
Running training on agent 4.
Current attacking agent is 0, coefficient is 9.797958971132712.

Joint model, Test set: Average loss: nan, Accuracy: 980/10000 (10%)

Epoch 96, Attack delay: 0, Coefficient is: 9.848857801796104
Running epoch 96 out of 150.
Running training on agent 0.
Running training on agent 1.
Running training on agent 2.
Running training on agent 3.
Running training on agent 4.
Current attacking agent is 0, coefficient is 9.848857801796104.

Joint model, Test set: Average loss: nan, Accuracy: 980/10000 (10%)

Epoch 97, Attack delay: 0, Coefficient is: 9.899494936611665
Running epoch 97 out of 150.
Running training on agent 0.
Running training on agent 1.
Running training on agent 2.
Running training on agent 3.
Running training on agent 4.
Current attacking agent is 0, coefficient is 9.899494936611665.

Joint model, Test set: Average loss: nan, Accuracy: 980/10000 (10%)

Epoch 98, Attack delay: 0, Coefficient is: 9.9498743710662
Running epoch 98 out of 150.
Running training on agent 0.
Running training on agent 1.
Running training on agent 2.
Running training on agent 3.
Running training on agent 4.
Current attacking agent is 0, coefficient is 9.9498743710662.

Joint model, Test set: Average loss: nan, Accuracy: 980/10000 (10%)

Epoch 99, Attack delay: 0, Coefficient is: 10.0
Running epoch 99 out of 150.
Running training on agent 0.
Running training on agent 1.
Running training on agent 2.
Running training on agent 3.
Running training on agent 4.
Current attacking agent is 0, coefficient is 10.0.

Joint model, Test set: Average loss: nan, Accuracy: 980/10000 (10%)

Epoch 100, Attack delay: 0, Coefficient is: 10.04987562112089
Running epoch 100 out of 150.
Running training on agent 0.
Running training on agent 1.
Running training on agent 2.
Running training on agent 3.
Running training on agent 4.
Current attacking agent is 0, coefficient is 10.04987562112089.

Joint model, Test set: Average loss: nan, Accuracy: 980/10000 (10%)

Finished Running epoch 100, printing results dictionary to file.
Finished printing results dictionary to file after epoch 100.
Epoch 101, Attack delay: 0, Coefficient is: 10.099504938362077
Running epoch 101 out of 150.
Running training on agent 0.
Running training on agent 1.
Running training on agent 2.
Running training on agent 3.
Running training on agent 4.
Current attacking agent is 0, coefficient is 10.099504938362077.

Joint model, Test set: Average loss: nan, Accuracy: 980/10000 (10%)

Epoch 102, Attack delay: 0, Coefficient is: 10.14889156509222
Running epoch 102 out of 150.
Running training on agent 0.
Running training on agent 1.
Running training on agent 2.
Running training on agent 3.
Running training on agent 4.
Current attacking agent is 0, coefficient is 10.14889156509222.

Joint model, Test set: Average loss: nan, Accuracy: 980/10000 (10%)

Epoch 103, Attack delay: 0, Coefficient is: 10.198039027185569
Running epoch 103 out of 150.
Running training on agent 0.
Running training on agent 1.
Running training on agent 2.
Running training on agent 3.
Running training on agent 4.
Current attacking agent is 0, coefficient is 10.198039027185569.

Joint model, Test set: Average loss: nan, Accuracy: 980/10000 (10%)

Epoch 104, Attack delay: 0, Coefficient is: 10.246950765959598
Running epoch 104 out of 150.
Running training on agent 0.
Running training on agent 1.
Running training on agent 2.
Running training on agent 3.
Running training on agent 4.
Current attacking agent is 0, coefficient is 10.246950765959598.

Joint model, Test set: Average loss: nan, Accuracy: 980/10000 (10%)

Epoch 105, Attack delay: 0, Coefficient is: 10.295630140987
Running epoch 105 out of 150.
Running training on agent 0.
Running training on agent 1.
Running training on agent 2.
Running training on agent 3.
Running training on agent 4.
Current attacking agent is 0, coefficient is 10.295630140987.

Joint model, Test set: Average loss: nan, Accuracy: 980/10000 (10%)

Epoch 106, Attack delay: 0, Coefficient is: 10.344080432788601
Running epoch 106 out of 150.
Running training on agent 0.
Running training on agent 1.
Running training on agent 2.
Running training on agent 3.
Running training on agent 4.
Current attacking agent is 0, coefficient is 10.344080432788601.

Joint model, Test set: Average loss: nan, Accuracy: 980/10000 (10%)

Epoch 107, Attack delay: 0, Coefficient is: 10.392304845413264
Running epoch 107 out of 150.
Running training on agent 0.
Running training on agent 1.
Running training on agent 2.
Running training on agent 3.
Running training on agent 4.
Current attacking agent is 0, coefficient is 10.392304845413264.

Joint model, Test set: Average loss: nan, Accuracy: 980/10000 (10%)

Epoch 108, Attack delay: 0, Coefficient is: 10.44030650891055
Running epoch 108 out of 150.
Running training on agent 0.
Running training on agent 1.
Running training on agent 2.
Running training on agent 3.
Running training on agent 4.
Current attacking agent is 0, coefficient is 10.44030650891055.

Joint model, Test set: Average loss: nan, Accuracy: 980/10000 (10%)

Epoch 109, Attack delay: 0, Coefficient is: 10.488088481701515
Running epoch 109 out of 150.
Running training on agent 0.
Running training on agent 1.
Running training on agent 2.
Running training on agent 3.
Running training on agent 4.
Current attacking agent is 0, coefficient is 10.488088481701515.

Joint model, Test set: Average loss: nan, Accuracy: 980/10000 (10%)

Epoch 110, Attack delay: 0, Coefficient is: 10.535653752852738
Running epoch 110 out of 150.
Running training on agent 0.
Running training on agent 1.
Running training on agent 2.
Running training on agent 3.
Running training on agent 4.
Current attacking agent is 0, coefficient is 10.535653752852738.

Joint model, Test set: Average loss: nan, Accuracy: 980/10000 (10%)

Finished Running epoch 110, printing results dictionary to file.
Finished printing results dictionary to file after epoch 110.
Epoch 111, Attack delay: 0, Coefficient is: 10.583005244258363
Running epoch 111 out of 150.
Running training on agent 0.
Running training on agent 1.
Running training on agent 2.
Running training on agent 3.
Running training on agent 4.
Current attacking agent is 0, coefficient is 10.583005244258363.

Joint model, Test set: Average loss: nan, Accuracy: 980/10000 (10%)

Epoch 112, Attack delay: 0, Coefficient is: 10.63014581273465
Running epoch 112 out of 150.
Running training on agent 0.
Running training on agent 1.
Running training on agent 2.
Running training on agent 3.
Running training on agent 4.
Current attacking agent is 0, coefficient is 10.63014581273465.

Joint model, Test set: Average loss: nan, Accuracy: 980/10000 (10%)

Epoch 113, Attack delay: 0, Coefficient is: 10.677078252031311
Running epoch 113 out of 150.
Running training on agent 0.
Running training on agent 1.
Running training on agent 2.
Running training on agent 3.
Running training on agent 4.
Current attacking agent is 0, coefficient is 10.677078252031311.

Joint model, Test set: Average loss: nan, Accuracy: 980/10000 (10%)

Epoch 114, Attack delay: 0, Coefficient is: 10.723805294763608
Running epoch 114 out of 150.
Running training on agent 0.
Running training on agent 1.
Running training on agent 2.
Running training on agent 3.
Running training on agent 4.
Current attacking agent is 0, coefficient is 10.723805294763608.

Joint model, Test set: Average loss: nan, Accuracy: 980/10000 (10%)

Epoch 115, Attack delay: 0, Coefficient is: 10.770329614269007
Running epoch 115 out of 150.
Running training on agent 0.
Running training on agent 1.
Running training on agent 2.
Running training on agent 3.
Running training on agent 4.
Current attacking agent is 0, coefficient is 10.770329614269007.

Joint model, Test set: Average loss: nan, Accuracy: 980/10000 (10%)

Epoch 116, Attack delay: 0, Coefficient is: 10.816653826391969
Running epoch 116 out of 150.
Running training on agent 0.
Running training on agent 1.
Running training on agent 2.
Running training on agent 3.
Running training on agent 4.
Current attacking agent is 0, coefficient is 10.816653826391969.

Joint model, Test set: Average loss: nan, Accuracy: 980/10000 (10%)

Epoch 117, Attack delay: 0, Coefficient is: 10.862780491200215
Running epoch 117 out of 150.
Running training on agent 0.
Running training on agent 1.
Running training on agent 2.
Running training on agent 3.
Running training on agent 4.
Current attacking agent is 0, coefficient is 10.862780491200215.

Joint model, Test set: Average loss: nan, Accuracy: 980/10000 (10%)

Epoch 118, Attack delay: 0, Coefficient is: 10.908712114635714
Running epoch 118 out of 150.
Running training on agent 0.
Running training on agent 1.
Running training on agent 2.
Running training on agent 3.
Running training on agent 4.
Current attacking agent is 0, coefficient is 10.908712114635714.

Joint model, Test set: Average loss: nan, Accuracy: 980/10000 (10%)

Epoch 119, Attack delay: 0, Coefficient is: 10.954451150103322
Running epoch 119 out of 150.
Running training on agent 0.
Running training on agent 1.
Running training on agent 2.
Running training on agent 3.
Running training on agent 4.
Current attacking agent is 0, coefficient is 10.954451150103322.

Joint model, Test set: Average loss: nan, Accuracy: 980/10000 (10%)

Epoch 120, Attack delay: 0, Coefficient is: 11.0
Running epoch 120 out of 150.
Running training on agent 0.
Running training on agent 1.
Running training on agent 2.
Running training on agent 3.
Running training on agent 4.
Current attacking agent is 0, coefficient is 11.0.

Joint model, Test set: Average loss: nan, Accuracy: 980/10000 (10%)

Finished Running epoch 120, printing results dictionary to file.
Finished printing results dictionary to file after epoch 120.
Epoch 121, Attack delay: 0, Coefficient is: 11.045361017187261
Running epoch 121 out of 150.
Running training on agent 0.
Running training on agent 1.
Running training on agent 2.
Running training on agent 3.
Running training on agent 4.
Current attacking agent is 0, coefficient is 11.045361017187261.

Joint model, Test set: Average loss: nan, Accuracy: 980/10000 (10%)

Epoch 122, Attack delay: 0, Coefficient is: 11.090536506409418
Running epoch 122 out of 150.
Running training on agent 0.
Running training on agent 1.
Running training on agent 2.
Running training on agent 3.
Running training on agent 4.
Current attacking agent is 0, coefficient is 11.090536506409418.

Joint model, Test set: Average loss: nan, Accuracy: 980/10000 (10%)

Epoch 123, Attack delay: 0, Coefficient is: 11.135528725660043
Running epoch 123 out of 150.
Running training on agent 0.
Running training on agent 1.
Running training on agent 2.
Running training on agent 3.
Running training on agent 4.
Current attacking agent is 0, coefficient is 11.135528725660043.

Joint model, Test set: Average loss: nan, Accuracy: 980/10000 (10%)

Epoch 124, Attack delay: 0, Coefficient is: 11.180339887498949
Running epoch 124 out of 150.
Running training on agent 0.
Running training on agent 1.
Running training on agent 2.
Running training on agent 3.
Running training on agent 4.
Current attacking agent is 0, coefficient is 11.180339887498949.

Joint model, Test set: Average loss: nan, Accuracy: 980/10000 (10%)

Epoch 125, Attack delay: 0, Coefficient is: 11.224972160321824
Running epoch 125 out of 150.
Running training on agent 0.
Running training on agent 1.
Running training on agent 2.
Running training on agent 3.
Running training on agent 4.
Current attacking agent is 0, coefficient is 11.224972160321824.

Joint model, Test set: Average loss: nan, Accuracy: 980/10000 (10%)

Epoch 126, Attack delay: 0, Coefficient is: 11.269427669584644
Running epoch 126 out of 150.
Running training on agent 0.
Running training on agent 1.
Running training on agent 2.
Running training on agent 3.
Running training on agent 4.
Current attacking agent is 0, coefficient is 11.269427669584644.

Joint model, Test set: Average loss: nan, Accuracy: 980/10000 (10%)

Epoch 127, Attack delay: 0, Coefficient is: 11.313708498984761
Running epoch 127 out of 150.
Running training on agent 0.
Running training on agent 1.
Running training on agent 2.
Running training on agent 3.
Running training on agent 4.
Current attacking agent is 0, coefficient is 11.313708498984761.

Joint model, Test set: Average loss: nan, Accuracy: 980/10000 (10%)

Epoch 128, Attack delay: 0, Coefficient is: 11.357816691600547
Running epoch 128 out of 150.
Running training on agent 0.
Running training on agent 1.
Running training on agent 2.
Running training on agent 3.
Running training on agent 4.
Current attacking agent is 0, coefficient is 11.357816691600547.

Joint model, Test set: Average loss: nan, Accuracy: 980/10000 (10%)

Epoch 129, Attack delay: 0, Coefficient is: 11.40175425099138
Running epoch 129 out of 150.
Running training on agent 0.
Running training on agent 1.
Running training on agent 2.
Running training on agent 3.
Running training on agent 4.
Current attacking agent is 0, coefficient is 11.40175425099138.

Joint model, Test set: Average loss: nan, Accuracy: 980/10000 (10%)

Epoch 130, Attack delay: 0, Coefficient is: 11.445523142259598
Running epoch 130 out of 150.
Running training on agent 0.
Running training on agent 1.
Running training on agent 2.
Running training on agent 3.
Running training on agent 4.
Current attacking agent is 0, coefficient is 11.445523142259598.

Joint model, Test set: Average loss: nan, Accuracy: 980/10000 (10%)

Finished Running epoch 130, printing results dictionary to file.
Finished printing results dictionary to file after epoch 130.
Epoch 131, Attack delay: 0, Coefficient is: 11.489125293076057
Running epoch 131 out of 150.
Running training on agent 0.
Running training on agent 1.
Running training on agent 2.
Running training on agent 3.
Running training on agent 4.
Current attacking agent is 0, coefficient is 11.489125293076057.

Joint model, Test set: Average loss: nan, Accuracy: 980/10000 (10%)

Epoch 132, Attack delay: 0, Coefficient is: 11.532562594670797
Running epoch 132 out of 150.
Running training on agent 0.
Running training on agent 1.
Running training on agent 2.
Running training on agent 3.
Running training on agent 4.
Current attacking agent is 0, coefficient is 11.532562594670797.

Joint model, Test set: Average loss: nan, Accuracy: 980/10000 (10%)

Epoch 133, Attack delay: 0, Coefficient is: 11.575836902790225
Running epoch 133 out of 150.
Running training on agent 0.
Running training on agent 1.
Running training on agent 2.
Running training on agent 3.
Running training on agent 4.
Current attacking agent is 0, coefficient is 11.575836902790225.

Joint model, Test set: Average loss: nan, Accuracy: 980/10000 (10%)

Epoch 134, Attack delay: 0, Coefficient is: 11.61895003862225
Running epoch 134 out of 150.
Running training on agent 0.
Running training on agent 1.
Running training on agent 2.
Running training on agent 3.
Running training on agent 4.
Current attacking agent is 0, coefficient is 11.61895003862225.

Joint model, Test set: Average loss: nan, Accuracy: 980/10000 (10%)

Epoch 135, Attack delay: 0, Coefficient is: 11.661903789690601
Running epoch 135 out of 150.
Running training on agent 0.
Running training on agent 1.
Running training on agent 2.
Running training on agent 3.
Running training on agent 4.
Current attacking agent is 0, coefficient is 11.661903789690601.

Joint model, Test set: Average loss: nan, Accuracy: 980/10000 (10%)

Epoch 136, Attack delay: 0, Coefficient is: 11.704699910719626
Running epoch 136 out of 150.
Running training on agent 0.
Running training on agent 1.
Running training on agent 2.
Running training on agent 3.
Running training on agent 4.
Current attacking agent is 0, coefficient is 11.704699910719626.

Joint model, Test set: Average loss: nan, Accuracy: 980/10000 (10%)

Epoch 137, Attack delay: 0, Coefficient is: 11.74734012447073
Running epoch 137 out of 150.
Running training on agent 0.
Running training on agent 1.
Running training on agent 2.
Running training on agent 3.
Running training on agent 4.
Current attacking agent is 0, coefficient is 11.74734012447073.

Joint model, Test set: Average loss: nan, Accuracy: 980/10000 (10%)

Epoch 138, Attack delay: 0, Coefficient is: 11.789826122551595
Running epoch 138 out of 150.
Running training on agent 0.
Running training on agent 1.
Running training on agent 2.
Running training on agent 3.
Running training on agent 4.
Current attacking agent is 0, coefficient is 11.789826122551595.

Joint model, Test set: Average loss: nan, Accuracy: 980/10000 (10%)

Epoch 139, Attack delay: 0, Coefficient is: 11.832159566199232
Running epoch 139 out of 150.
Running training on agent 0.
Running training on agent 1.
Running training on agent 2.
Running training on agent 3.
Running training on agent 4.
Current attacking agent is 0, coefficient is 11.832159566199232.

Joint model, Test set: Average loss: nan, Accuracy: 980/10000 (10%)

Epoch 140, Attack delay: 0, Coefficient is: 11.874342087037917
Running epoch 140 out of 150.
Running training on agent 0.
Running training on agent 1.
Running training on agent 2.
Running training on agent 3.
Running training on agent 4.
Current attacking agent is 0, coefficient is 11.874342087037917.

Joint model, Test set: Average loss: nan, Accuracy: 980/10000 (10%)

Finished Running epoch 140, printing results dictionary to file.
Finished printing results dictionary to file after epoch 140.
Epoch 141, Attack delay: 0, Coefficient is: 11.916375287812984
Running epoch 141 out of 150.
Running training on agent 0.
Running training on agent 1.
Running training on agent 2.
Running training on agent 3.
Running training on agent 4.
Current attacking agent is 0, coefficient is 11.916375287812984.

Joint model, Test set: Average loss: nan, Accuracy: 980/10000 (10%)

Epoch 142, Attack delay: 0, Coefficient is: 11.958260743101398
Running epoch 142 out of 150.
Running training on agent 0.
Running training on agent 1.
Running training on agent 2.
Running training on agent 3.
Running training on agent 4.
Current attacking agent is 0, coefficient is 11.958260743101398.

Joint model, Test set: Average loss: nan, Accuracy: 980/10000 (10%)

Epoch 143, Attack delay: 0, Coefficient is: 12.0
Running epoch 143 out of 150.
Running training on agent 0.
Running training on agent 1.
Running training on agent 2.
Running training on agent 3.
Running training on agent 4.
Current attacking agent is 0, coefficient is 12.0.

Joint model, Test set: Average loss: nan, Accuracy: 980/10000 (10%)

Epoch 144, Attack delay: 0, Coefficient is: 12.041594578792296
Running epoch 144 out of 150.
Running training on agent 0.
Running training on agent 1.
Running training on agent 2.
Running training on agent 3.
Running training on agent 4.
Current attacking agent is 0, coefficient is 12.041594578792296.

Joint model, Test set: Average loss: nan, Accuracy: 980/10000 (10%)

Epoch 145, Attack delay: 0, Coefficient is: 12.083045973594572
Running epoch 145 out of 150.
Running training on agent 0.
Running training on agent 1.
Running training on agent 2.
Running training on agent 3.
Running training on agent 4.
Current attacking agent is 0, coefficient is 12.083045973594572.

Joint model, Test set: Average loss: nan, Accuracy: 980/10000 (10%)

Epoch 146, Attack delay: 0, Coefficient is: 12.12435565298214
Running epoch 146 out of 150.
Running training on agent 0.
Running training on agent 1.
Running training on agent 2.
Running training on agent 3.
Running training on agent 4.
Current attacking agent is 0, coefficient is 12.12435565298214.

Joint model, Test set: Average loss: nan, Accuracy: 980/10000 (10%)

Epoch 147, Attack delay: 0, Coefficient is: 12.165525060596439
Running epoch 147 out of 150.
Running training on agent 0.
Running training on agent 1.
Running training on agent 2.
Running training on agent 3.
Running training on agent 4.
Current attacking agent is 0, coefficient is 12.165525060596439.

Joint model, Test set: Average loss: nan, Accuracy: 980/10000 (10%)

Epoch 148, Attack delay: 0, Coefficient is: 12.206555615733702
Running epoch 148 out of 150.
Running training on agent 0.
Running training on agent 1.
Running training on agent 2.
Running training on agent 3.
Running training on agent 4.
Current attacking agent is 0, coefficient is 12.206555615733702.

Joint model, Test set: Average loss: nan, Accuracy: 980/10000 (10%)

Epoch 149, Attack delay: 0, Coefficient is: 12.24744871391589
Running epoch 149 out of 150.
Running training on agent 0.
Running training on agent 1.
Running training on agent 2.
Running training on agent 3.
Running training on agent 4.
Current attacking agent is 0, coefficient is 12.24744871391589.

Joint model, Test set: Average loss: nan, Accuracy: 980/10000 (10%)

Epoch 150, Attack delay: 0, Coefficient is: 12.288205727444508
Running epoch 150 out of 150.
Running training on agent 0.
Running training on agent 1.
Running training on agent 2.
Running training on agent 3.
Running training on agent 4.
Current attacking agent is 0, coefficient is 12.288205727444508.

Joint model, Test set: Average loss: nan, Accuracy: 980/10000 (10%)

Finished Running epoch 150, printing results dictionary to file.
Finished printing results dictionary to file after epoch 150.
